<!DOCTYPE html PUBLIC "-//W3C//DTD XHTML 1.1//EN" "http://www.w3.org/TR/xhtml11/DTD/xhtml11.dtd">
<html xmlns="http://www.w3.org/1999/xhtml">
<head>
<meta http-equiv="content-type" content="text/html; charset=UTF-8"/>
<title>TestNG Report</title>
<style type="text/css">table {margin-bottom:10px;border-collapse:collapse;empty-cells:show}th,td {border:1px solid #009;padding:.25em .5em}th {vertical-align:bottom}td {vertical-align:top}table a {font-weight:bold}.stripe td {background-color: #E6EBF9}.num {text-align:right}.passedodd td {background-color: #3F3}.passedeven td {background-color: #0A0}.skippedodd td {background-color: #DDD}.skippedeven td {background-color: #CCC}.failedodd td,.attn {background-color: #F33}.failedeven td,.stripe .attn {background-color: #D00}.stacktrace {white-space:pre;font-family:monospace}.totop {font-size:85%;text-align:center;border-bottom:2px solid #000}.invisible {display:none}</style>
</head>
<body>
<table>
<tr><th>Test</th><th># Passed</th><th># Skipped</th><th># Failed</th><th>Time (ms)</th><th>Included Groups</th><th>Excluded Groups</th></tr>
<tr><th colspan="7">All Test Suite</th></tr>
<tr><td><a href="#t0">D:/IdeaWorkspace/SeachEngine/test/hust/cs/javacourse/search/index/TermTest.java</a></td><td class="num">9</td><td class="num">0</td><td class="num">0</td><td class="num">196</td><td></td><td></td></tr>
<tr class="stripe"><td><a href="#t1">D:/IdeaWorkspace/SeachEngine/test/hust/cs/javacourse/search/index/TermTupleTest.java</a></td><td class="num">4</td><td class="num">0</td><td class="num">0</td><td class="num">15</td><td></td><td></td></tr>
<tr><td><a href="#t2">D:/IdeaWorkspace/SeachEngine/test/hust/cs/javacourse/search/index/PostingTest.java</a></td><td class="num">16</td><td class="num">0</td><td class="num">0</td><td class="num">103</td><td></td><td></td></tr>
<tr class="stripe"><td><a href="#t3">D:/IdeaWorkspace/SeachEngine/test/hust/cs/javacourse/search/index/PostingListTest.java</a></td><td class="num">17</td><td class="num">0</td><td class="num">0</td><td class="num">97</td><td></td><td></td></tr>
<tr><td><a href="#t4">D:/IdeaWorkspace/SeachEngine/test/hust/cs/javacourse/search/index/DocumentTest.java</a></td><td class="num">12</td><td class="num">0</td><td class="num">0</td><td class="num">15</td><td></td><td></td></tr>
<tr class="stripe"><td><a href="#t5">D:/IdeaWorkspace/SeachEngine/test/hust/cs/javacourse/search/parse/TermTupleScannerTest.java</a></td><td class="num">0</td><td class="num attn">1</td><td class="num">0</td><td class="num">106</td><td></td><td></td></tr>
<tr><td><a href="#t6">D:/IdeaWorkspace/SeachEngine/test/hust/cs/javacourse/search/parse/StopWordTermTupleFilterTest.java</a></td><td class="num">0</td><td class="num attn">1</td><td class="num">0</td><td class="num">63</td><td></td><td></td></tr>
<tr class="stripe"><td><a href="#t7">D:/IdeaWorkspace/SeachEngine/test/hust/cs/javacourse/search/parse/PatternTermTupleFilterTest.java</a></td><td class="num">0</td><td class="num attn">1</td><td class="num">0</td><td class="num">70</td><td></td><td></td></tr>
<tr><td><a href="#t8">D:/IdeaWorkspace/SeachEngine/test/hust/cs/javacourse/search/parse/LengthTermTupleFilterTest.java</a></td><td class="num">0</td><td class="num attn">1</td><td class="num">0</td><td class="num">92</td><td></td><td></td></tr>
<tr class="stripe"><td><a href="#t9">D:/IdeaWorkspace/SeachEngine/test/hust/cs/javacourse/search/parse/ScannerFilterAllInOneTest.java</a></td><td class="num">0</td><td class="num attn">1</td><td class="num">0</td><td class="num">67</td><td></td><td></td></tr>
<tr><td><a href="#t10">D:/IdeaWorkspace/SeachEngine/test/hust/cs/javacourse/search/index/DocumentBuilderTest.java</a></td><td class="num">0</td><td class="num">0</td><td class="num attn">7</td><td class="num">1,795</td><td></td><td></td></tr>
<tr class="stripe"><td><a href="#t11">D:/IdeaWorkspace/SeachEngine/test/hust/cs/javacourse/search/index/IndexTest.java</a></td><td class="num">2</td><td class="num attn">3</td><td class="num attn">5</td><td class="num">721</td><td></td><td></td></tr>
<tr><td><a href="#t12">D:/IdeaWorkspace/SeachEngine/test/hust/cs/javacourse/search/index/IndexBuilderTest.java</a></td><td class="num">0</td><td class="num">0</td><td class="num attn">1</td><td class="num">52</td><td></td><td></td></tr>
<tr class="stripe"><td><a href="#t13">D:/IdeaWorkspace/SeachEngine/test/hust/cs/javacourse/search/query/HitTest.java</a></td><td class="num">0</td><td class="num attn">9</td><td class="num">0</td><td class="num">350</td><td></td><td></td></tr>
<tr><td><a href="#t14">D:/IdeaWorkspace/SeachEngine/test/hust/cs/javacourse/search/query/IndexSearcherTest.java</a></td><td class="num">0</td><td class="num attn">2</td><td class="num">0</td><td class="num">279</td><td></td><td></td></tr>
<tr><th>Total</th><th class="num">60</th><th class="num attn">19</th><th class="num attn">13</th><th class="num">4,021</th><th colspan="2"></th></tr>
</table>
<table id='summary'><thead><tr><th>Class</th><th>Method</th><th>Start</th><th>Time (ms)</th></tr></thead><tbody><tr><th colspan="4">All Test Suite</th></tr></tbody><tbody id="t0"><tr><th colspan="4">D:/IdeaWorkspace/SeachEngine/test/hust/cs/javacourse/search/index/TermTest.java &#8212; passed</th></tr><tr class="passedeven"><td rowspan="9">hust.cs.javacourse.search.index.TermTest</td><td><a href="#m0">testCompareTo</a></td><td rowspan="2">1590158526953</td><td rowspan="2">1</td></tr><tr class="passedeven"><td><a href="#m1">testCompareTo</a></td></tr><tr class="passedeven"><td><a href="#m2">testGetContent</a></td><td rowspan="1">1590158526949</td><td rowspan="1">1</td></tr><tr class="passedeven"><td><a href="#m3">testReadObject</a></td><td rowspan="1">1590158527036</td><td rowspan="1">57</td></tr><tr class="passedeven"><td><a href="#m4">testSetContent</a></td><td rowspan="1">1590158526952</td><td rowspan="1">0</td></tr><tr class="passedeven"><td><a href="#m5">testTestEquals</a></td><td rowspan="2">1590158526942</td><td rowspan="2">0</td></tr><tr class="passedeven"><td><a href="#m6">testTestEquals</a></td></tr><tr class="passedeven"><td><a href="#m7">testTestToString</a></td><td rowspan="1">1590158526947</td><td rowspan="1">0</td></tr><tr class="passedeven"><td><a href="#m8">testWriteObject</a></td><td rowspan="1">1590158526962</td><td rowspan="1">70</td></tr></tbody>
<tbody id="t1"><tr><th colspan="4">D:/IdeaWorkspace/SeachEngine/test/hust/cs/javacourse/search/index/TermTupleTest.java &#8212; passed</th></tr><tr class="passedeven"><td rowspan="4">hust.cs.javacourse.search.index.TermTupleTest</td><td><a href="#m9">testTestEquals</a></td><td rowspan="3">1590158527301</td><td rowspan="3">0</td></tr><tr class="passedeven"><td><a href="#m10">testTestEquals</a></td></tr><tr class="passedeven"><td><a href="#m11">testTestEquals</a></td></tr><tr class="passedeven"><td><a href="#m12">testTestToString</a></td><td rowspan="1">1590158527301</td><td rowspan="1">11</td></tr></tbody>
<tbody id="t2"><tr><th colspan="4">D:/IdeaWorkspace/SeachEngine/test/hust/cs/javacourse/search/index/PostingTest.java &#8212; passed</th></tr><tr class="passedeven"><td rowspan="16">hust.cs.javacourse.search.index.PostingTest</td><td><a href="#m13">testCompareTo</a></td><td rowspan="1">1590158527352</td><td rowspan="1">0</td></tr><tr class="passedeven"><td><a href="#m14">testGetDocId</a></td><td rowspan="1">1590158527343</td><td rowspan="1">0</td></tr><tr class="passedeven"><td><a href="#m15">testGetFreq</a></td><td rowspan="1">1590158527344</td><td rowspan="1">0</td></tr><tr class="passedeven"><td><a href="#m16">testGetPositions</a></td><td rowspan="1">1590158527345</td><td rowspan="1">6</td></tr><tr class="passedeven"><td><a href="#m17">testReadObject</a></td><td rowspan="1">1590158527390</td><td rowspan="1">41</td></tr><tr class="passedeven"><td><a href="#m18">testSetDocId</a></td><td rowspan="1">1590158527343</td><td rowspan="1">0</td></tr><tr class="passedeven"><td><a href="#m19">testSetFreq</a></td><td rowspan="1">1590158527344</td><td rowspan="1">0</td></tr><tr class="passedeven"><td><a href="#m20">testSetPositions</a></td><td rowspan="1">1590158527352</td><td rowspan="1">0</td></tr><tr class="passedeven"><td><a href="#m21">testSort</a></td><td rowspan="1">1590158527352</td><td rowspan="1">0</td></tr><tr class="passedeven"><td><a href="#m22">testTestEquals</a></td><td rowspan="5">1590158527331</td><td rowspan="5">1</td></tr><tr class="passedeven"><td><a href="#m23">testTestEquals</a></td></tr><tr class="passedeven"><td><a href="#m24">testTestEquals</a></td></tr><tr class="passedeven"><td><a href="#m25">testTestEquals</a></td></tr><tr class="passedeven"><td><a href="#m26">testTestEquals</a></td></tr><tr class="passedeven"><td><a href="#m27">testTestToString</a></td><td rowspan="1">1590158527332</td><td rowspan="1">10</td></tr><tr class="passedeven"><td><a href="#m28">testWriteObject</a></td><td rowspan="1">1590158527353</td><td rowspan="1">34</td></tr></tbody>
<tbody id="t3"><tr><th colspan="4">D:/IdeaWorkspace/SeachEngine/test/hust/cs/javacourse/search/index/PostingListTest.java &#8212; passed</th></tr><tr class="passedeven"><td rowspan="17">hust.cs.javacourse.search.index.PostingListTest</td><td><a href="#m29">testAdd</a></td><td rowspan="1">1590158527467</td><td rowspan="1">0</td></tr><tr class="passedeven"><td><a href="#m30">testClear</a></td><td rowspan="1">1590158527472</td><td rowspan="1">0</td></tr><tr class="passedeven"><td><a href="#m31">testContains</a></td><td rowspan="1">1590158527470</td><td rowspan="1">0</td></tr><tr class="passedeven"><td><a href="#m32">testGet</a></td><td rowspan="1">1590158527469</td><td rowspan="1">0</td></tr><tr class="passedeven"><td><a href="#m33">testIndexOf</a></td><td rowspan="1">1590158527469</td><td rowspan="1">1</td></tr><tr class="passedeven"><td><a href="#m34">testIsEmpty</a></td><td rowspan="2">1590158527473</td><td rowspan="2">0</td></tr><tr class="passedeven"><td><a href="#m35">testIsEmpty</a></td></tr><tr class="passedeven"><td><a href="#m36">testReadObject</a></td><td rowspan="1">1590158527516</td><td rowspan="1">46</td></tr><tr class="passedeven"><td><a href="#m37">testRemove</a></td><td rowspan="1">1590158527470</td><td rowspan="1">1</td></tr><tr class="passedeven"><td><a href="#m38">testSize</a></td><td rowspan="2">1590158527471</td><td rowspan="2">0</td></tr><tr class="passedeven"><td><a href="#m39">testSize</a></td></tr><tr class="passedeven"><td><a href="#m40">testSort</a></td><td rowspan="1">1590158527473</td><td rowspan="1">2</td></tr><tr class="passedeven"><td><a href="#m41">testTestAdd</a></td><td rowspan="1">1590158527469</td><td rowspan="1">0</td></tr><tr class="passedeven"><td><a href="#m42">testTestIndexOf</a></td><td rowspan="1">1590158527470</td><td rowspan="1">0</td></tr><tr class="passedeven"><td><a href="#m43">testTestRemove</a></td><td rowspan="1">1590158527471</td><td rowspan="1">0</td></tr><tr class="passedeven"><td><a href="#m44">testTestToString</a></td><td rowspan="1">1590158527468</td><td rowspan="1">0</td></tr><tr class="passedeven"><td><a href="#m45">testWriteObject</a></td><td rowspan="1">1590158527475</td><td rowspan="1">40</td></tr></tbody>
<tbody id="t4"><tr><th colspan="4">D:/IdeaWorkspace/SeachEngine/test/hust/cs/javacourse/search/index/DocumentTest.java &#8212; passed</th></tr><tr class="passedeven"><td rowspan="12">hust.cs.javacourse.search.index.DocumentTest</td><td><a href="#m46">testAddTuple</a></td><td rowspan="1">1590158527602</td><td rowspan="1">0</td></tr><tr class="passedeven"><td><a href="#m47">testContains</a></td><td rowspan="2">1590158527602</td><td rowspan="2">0</td></tr><tr class="passedeven"><td><a href="#m48">testContains</a></td></tr><tr class="passedeven"><td><a href="#m49">testGetDocId</a></td><td rowspan="1">1590158527601</td><td rowspan="1">0</td></tr><tr class="passedeven"><td><a href="#m50">testGetDocPath</a></td><td rowspan="1">1590158527601</td><td rowspan="1">0</td></tr><tr class="passedeven"><td><a href="#m51">testGetTuple</a></td><td rowspan="1">1590158527603</td><td rowspan="1">0</td></tr><tr class="passedeven"><td><a href="#m52">testGetTupleSize</a></td><td rowspan="2">1590158527604</td><td rowspan="2">0</td></tr><tr class="passedeven"><td><a href="#m53">testGetTupleSize</a></td></tr><tr class="passedeven"><td><a href="#m54">testGetTuples</a></td><td rowspan="1">1590158527602</td><td rowspan="1">0</td></tr><tr class="passedeven"><td><a href="#m55">testSetDocId</a></td><td rowspan="1">1590158527601</td><td rowspan="1">0</td></tr><tr class="passedeven"><td><a href="#m56">testSetDocPath</a></td><td rowspan="1">1590158527601</td><td rowspan="1">0</td></tr><tr class="passedeven"><td><a href="#m57">testTestToString</a></td><td rowspan="1">1590158527604</td><td rowspan="1">9</td></tr></tbody>
<tbody id="t5"><tr><th colspan="4">D:/IdeaWorkspace/SeachEngine/test/hust/cs/javacourse/search/parse/TermTupleScannerTest.java &#8212; skipped</th></tr><tr class="skippedeven"><td rowspan="1">hust.cs.javacourse.search.parse.TermTupleScannerTest</td><td><a href="#m58">testNext</a></td><td rowspan="1">1590158527741</td><td rowspan="1">0</td></tr></tbody>
<tbody id="t6"><tr><th colspan="4">D:/IdeaWorkspace/SeachEngine/test/hust/cs/javacourse/search/parse/StopWordTermTupleFilterTest.java &#8212; skipped</th></tr><tr class="skippedeven"><td rowspan="1">hust.cs.javacourse.search.parse.StopWordTermTupleFilterTest</td><td><a href="#m59">testNext</a></td><td rowspan="1">1590158527829</td><td rowspan="1">0</td></tr></tbody>
<tbody id="t7"><tr><th colspan="4">D:/IdeaWorkspace/SeachEngine/test/hust/cs/javacourse/search/parse/PatternTermTupleFilterTest.java &#8212; skipped</th></tr><tr class="skippedeven"><td rowspan="1">hust.cs.javacourse.search.parse.PatternTermTupleFilterTest</td><td><a href="#m60">testNext</a></td><td rowspan="1">1590158527911</td><td rowspan="1">0</td></tr></tbody>
<tbody id="t8"><tr><th colspan="4">D:/IdeaWorkspace/SeachEngine/test/hust/cs/javacourse/search/parse/LengthTermTupleFilterTest.java &#8212; skipped</th></tr><tr class="skippedeven"><td rowspan="1">hust.cs.javacourse.search.parse.LengthTermTupleFilterTest</td><td><a href="#m61">testNext</a></td><td rowspan="1">1590158528012</td><td rowspan="1">0</td></tr></tbody>
<tbody id="t9"><tr><th colspan="4">D:/IdeaWorkspace/SeachEngine/test/hust/cs/javacourse/search/parse/ScannerFilterAllInOneTest.java &#8212; skipped</th></tr><tr class="skippedeven"><td rowspan="1">hust.cs.javacourse.search.parse.ScannerFilterAllInOneTest</td><td><a href="#m62">testNext</a></td><td rowspan="1">1590158528087</td><td rowspan="1">0</td></tr></tbody>
<tbody id="t10"><tr><th colspan="4">D:/IdeaWorkspace/SeachEngine/test/hust/cs/javacourse/search/index/DocumentBuilderTest.java &#8212; failed</th></tr><tr class="failedeven"><td rowspan="7">hust.cs.javacourse.search.index.DocumentBuilderTest</td><td><a href="#m63">testBuild</a></td><td rowspan="5">1590158529269</td><td rowspan="5">7</td></tr><tr class="failedeven"><td><a href="#m64">testBuild</a></td></tr><tr class="failedeven"><td><a href="#m65">testBuild</a></td></tr><tr class="failedeven"><td><a href="#m66">testBuild</a></td></tr><tr class="failedeven"><td><a href="#m67">testBuild</a></td></tr><tr class="failedeven"><td><a href="#m68">testTestBuild</a></td><td rowspan="2">1590158529896</td><td rowspan="2">0</td></tr><tr class="failedeven"><td><a href="#m69">testTestBuild</a></td></tr></tbody>
<tbody id="t11"><tr><th colspan="4">D:/IdeaWorkspace/SeachEngine/test/hust/cs/javacourse/search/index/IndexTest.java &#8212; failed</th></tr><tr class="failedeven"><td rowspan="5">hust.cs.javacourse.search.index.IndexTest</td><td><a href="#m70">testGetDocName</a></td><td rowspan="1">1590158530666</td><td rowspan="1">0</td></tr><tr class="failedeven"><td><a href="#m71">testLoad</a></td><td rowspan="1">1590158530144</td><td rowspan="1">1</td></tr><tr class="failedeven"><td><a href="#m72">testOptimize</a></td><td rowspan="1">1590158530618</td><td rowspan="1">1</td></tr><tr class="failedeven"><td><a href="#m73">testSave</a></td><td rowspan="1">1590158530178</td><td rowspan="1">0</td></tr><tr class="failedeven"><td><a href="#m74">testSearch</a></td><td rowspan="1">1590158530252</td><td rowspan="1">0</td></tr><tr><th colspan="4">D:/IdeaWorkspace/SeachEngine/test/hust/cs/javacourse/search/index/IndexTest.java &#8212; skipped</th></tr><tr class="skippedeven"><td rowspan="3">hust.cs.javacourse.search.index.IndexTest</td><td><a href="#m75">testAddDocument</a></td><td rowspan="1">1590158530110</td><td rowspan="1">0</td></tr><tr class="skippedeven"><td><a href="#m76">testGetDictionary</a></td><td rowspan="1">1590158530292</td><td rowspan="1">0</td></tr><tr class="skippedeven"><td><a href="#m77">testTestToString</a></td><td rowspan="1">1590158530005</td><td rowspan="1">0</td></tr><tr><th colspan="4">D:/IdeaWorkspace/SeachEngine/test/hust/cs/javacourse/search/index/IndexTest.java &#8212; passed</th></tr><tr class="passedeven"><td rowspan="2">hust.cs.javacourse.search.index.IndexTest</td><td><a href="#m78">testReadObject</a></td><td rowspan="1">1590158530394</td><td rowspan="1">44</td></tr><tr class="passedeven"><td><a href="#m79">testWriteObject</a></td><td rowspan="1">1590158530327</td><td rowspan="1">24</td></tr></tbody>
<tbody id="t12"><tr><th colspan="4">D:/IdeaWorkspace/SeachEngine/test/hust/cs/javacourse/search/index/IndexBuilderTest.java &#8212; failed</th></tr><tr class="failedeven"><td rowspan="1">hust.cs.javacourse.search.index.IndexBuilderTest</td><td><a href="#m80">testBuildIndex</a></td><td rowspan="1">1590158530763</td><td rowspan="1">0</td></tr></tbody>
<tbody id="t13"><tr><th colspan="4">D:/IdeaWorkspace/SeachEngine/test/hust/cs/javacourse/search/query/HitTest.java &#8212; skipped</th></tr><tr class="skippedeven"><td rowspan="9">hust.cs.javacourse.search.query.HitTest</td><td><a href="#m81">testCompareTo</a></td><td rowspan="1">1590158531127</td><td rowspan="1">0</td></tr><tr class="skippedeven"><td><a href="#m82">testGetContent</a></td><td rowspan="1">1590158530899</td><td rowspan="1">0</td></tr><tr class="skippedeven"><td><a href="#m83">testGetDocId</a></td><td rowspan="1">1590158530815</td><td rowspan="1">0</td></tr><tr class="skippedeven"><td><a href="#m84">testGetDocPath</a></td><td rowspan="1">1590158530857</td><td rowspan="1">0</td></tr><tr class="skippedeven"><td><a href="#m85">testGetScore</a></td><td rowspan="1">1590158530987</td><td rowspan="1">0</td></tr><tr class="skippedeven"><td><a href="#m86">testGetTermPostingMapping</a></td><td rowspan="1">1590158531057</td><td rowspan="1">0</td></tr><tr class="skippedeven"><td><a href="#m87">testSetContent</a></td><td rowspan="1">1590158530935</td><td rowspan="1">0</td></tr><tr class="skippedeven"><td><a href="#m88">testSetScore</a></td><td rowspan="1">1590158531027</td><td rowspan="1">0</td></tr><tr class="skippedeven"><td><a href="#m89">testTestToString</a></td><td rowspan="1">1590158531092</td><td rowspan="1">0</td></tr></tbody>
<tbody id="t14"><tr><th colspan="4">D:/IdeaWorkspace/SeachEngine/test/hust/cs/javacourse/search/query/IndexSearcherTest.java &#8212; skipped</th></tr><tr class="skippedeven"><td rowspan="2">hust.cs.javacourse.search.query.IndexSearcherTest</td><td><a href="#m90">testSearch</a></td><td rowspan="1">1590158531335</td><td rowspan="1">0</td></tr><tr class="skippedeven"><td><a href="#m91">testTestSearch</a></td><td rowspan="1">1590158531432</td><td rowspan="1">0</td></tr></tbody>
</table>
<h2>D:/IdeaWorkspace/SeachEngine/test/hust/cs/javacourse/search/index/TermTest.java</h2><h3 id="m0">hust.cs.javacourse.search.index.TermTest#testCompareTo</h3><table class="result"><tr class="param"><th>Parameter #1</th><th>Parameter #2</th></tr><tr class="param stripe"><td>[def, dab]</td><td>4</td></tr></table><p class="totop"><a href="#summary">back to summary</a></p>
<h3 id="m1">hust.cs.javacourse.search.index.TermTest#testCompareTo</h3><table class="result"><tr class="param"><th>Parameter #1</th><th>Parameter #2</th></tr><tr class="param stripe"><td>[abc, abc]</td><td>0</td></tr></table><p class="totop"><a href="#summary">back to summary</a></p>
<h3 id="m2">hust.cs.javacourse.search.index.TermTest#testGetContent</h3><table class="result"><tr class="param"><th>Parameter #1</th><th>Parameter #2</th></tr><tr class="param stripe"><td>We have a dream.</td><td>We have a dream.</td></tr></table><p class="totop"><a href="#summary">back to summary</a></p>
<h3 id="m3">hust.cs.javacourse.search.index.TermTest#testReadObject</h3><table class="result"><tr class="param"><th>Parameter #1</th><th>Parameter #2</th></tr><tr class="param stripe"><td>search engine</td><td>C:/Users/dell/Desktop/%e5%ad%a6%e4%b9%a0/%e5%a4%a7%e4%b8%89%e4%b8%8b%e8%af%be%e7%a8%8b/java/%e5%ae%9e%e9%aa%8c/%e5%ae%9e%e9%aa%8c%e4%b8%80/test/test/config/..//ser/Term.dat</td></tr></table><p class="totop"><a href="#summary">back to summary</a></p>
<h3 id="m4">hust.cs.javacourse.search.index.TermTest#testSetContent</h3><table class="result"><tr class="param"><th>Parameter #1</th><th>Parameter #2</th></tr><tr class="param stripe"><td>We have no dream.</td><td>We have no dream.</td></tr></table><p class="totop"><a href="#summary">back to summary</a></p>
<h3 id="m5">hust.cs.javacourse.search.index.TermTest#testTestEquals</h3><table class="result"><tr class="param"><th>Parameter #1</th><th>Parameter #2</th></tr><tr class="param stripe"><td>[search engine, search engine ]</td><td>false</td></tr></table><p class="totop"><a href="#summary">back to summary</a></p>
<h3 id="m6">hust.cs.javacourse.search.index.TermTest#testTestEquals</h3><table class="result"><tr class="param"><th>Parameter #1</th><th>Parameter #2</th></tr><tr class="param stripe"><td>[search engine, search engine]</td><td>true</td></tr></table><p class="totop"><a href="#summary">back to summary</a></p>
<h3 id="m7">hust.cs.javacourse.search.index.TermTest#testTestToString</h3><table class="result"><tr class="param"><th>Parameter #1</th><th>Parameter #2</th></tr><tr class="param stripe"><td>We have a dream.</td><td>We have a dream.</td></tr></table><p class="totop"><a href="#summary">back to summary</a></p>
<h3 id="m8">hust.cs.javacourse.search.index.TermTest#testWriteObject</h3><table class="result"><tr class="param"><th>Parameter #1</th><th>Parameter #2</th></tr><tr class="param stripe"><td>search engine</td><td>C:/Users/dell/Desktop/%e5%ad%a6%e4%b9%a0/%e5%a4%a7%e4%b8%89%e4%b8%8b%e8%af%be%e7%a8%8b/java/%e5%ae%9e%e9%aa%8c/%e5%ae%9e%e9%aa%8c%e4%b8%80/test/test/config/..//ser/Term.dat</td></tr></table><p class="totop"><a href="#summary">back to summary</a></p>
<h2>D:/IdeaWorkspace/SeachEngine/test/hust/cs/javacourse/search/index/TermTupleTest.java</h2><h3 id="m9">hust.cs.javacourse.search.index.TermTupleTest#testTestEquals</h3><table class="result"><tr class="param"><th>Parameter #1</th><th>Parameter #2</th></tr><tr class="param stripe"><td>[TermTuple{term=aaa, freq=1, curPos=20}, TermTuple{term=bbb, freq=1, curPos=20}]</td><td>false</td></tr></table><p class="totop"><a href="#summary">back to summary</a></p>
<h3 id="m10">hust.cs.javacourse.search.index.TermTupleTest#testTestEquals</h3><table class="result"><tr class="param"><th>Parameter #1</th><th>Parameter #2</th></tr><tr class="param stripe"><td>[TermTuple{term=aaa, freq=1, curPos=17}, TermTuple{term=aaa, freq=1, curPos=20}]</td><td>false</td></tr></table><p class="totop"><a href="#summary">back to summary</a></p>
<h3 id="m11">hust.cs.javacourse.search.index.TermTupleTest#testTestEquals</h3><table class="result"><tr class="param"><th>Parameter #1</th><th>Parameter #2</th></tr><tr class="param stripe"><td>[TermTuple{term=aaa, freq=1, curPos=17}, TermTuple{term=aaa, freq=1, curPos=17}]</td><td>true</td></tr></table><p class="totop"><a href="#summary">back to summary</a></p>
<h3 id="m12">hust.cs.javacourse.search.index.TermTupleTest#testTestToString</h3><table class="result"><tr class="param"><th>Parameter #1</th><th>Parameter #2</th></tr><tr class="param stripe"><td>TermTuple{term=Search, freq=1, curPos=100}</td><td>[Search, 1, 100]</td></tr></table><p class="totop"><a href="#summary">back to summary</a></p>
<h2>D:/IdeaWorkspace/SeachEngine/test/hust/cs/javacourse/search/index/PostingTest.java</h2><h3 id="m13">hust.cs.javacourse.search.index.PostingTest#testCompareTo</h3><table class="result"><tr class="param"><th>Parameter #1</th><th>Parameter #2</th></tr><tr class="param stripe"><td>[Posting{docId=2, freq=4, positions=[10, 100, 320, 400]}, Posting{docId=1, freq=4, positions=[10, 100, 320, 400]}]</td><td>1</td></tr></table><p class="totop"><a href="#summary">back to summary</a></p>
<h3 id="m14">hust.cs.javacourse.search.index.PostingTest#testGetDocId</h3><table class="result"><tr class="param"><th>Parameter #1</th><th>Parameter #2</th></tr><tr class="param stripe"><td>Posting{docId=1, freq=4, positions=[10, 100, 320, 400]}</td><td>1</td></tr></table><p class="totop"><a href="#summary">back to summary</a></p>
<h3 id="m15">hust.cs.javacourse.search.index.PostingTest#testGetFreq</h3><table class="result"><tr class="param"><th>Parameter #1</th><th>Parameter #2</th></tr><tr class="param stripe"><td>Posting{docId=1, freq=4, positions=[10, 100, 320, 400]}</td><td>4</td></tr></table><p class="totop"><a href="#summary">back to summary</a></p>
<h3 id="m16">hust.cs.javacourse.search.index.PostingTest#testGetPositions</h3><table class="result"><tr class="param"><th>Parameter #1</th><th>Parameter #2</th></tr><tr class="param stripe"><td>Posting{docId=1, freq=4, positions=[10, 100, 320, 400]}</td><td>[10, 100, 320, 400]</td></tr></table><p class="totop"><a href="#summary">back to summary</a></p>
<h3 id="m17">hust.cs.javacourse.search.index.PostingTest#testReadObject</h3><table class="result"><tr class="param"><th>Parameter #1</th><th>Parameter #2</th></tr><tr class="param stripe"><td>Posting{docId=1, freq=4, positions=[10, 100, 320, 400]}</td><td>C:/Users/dell/Desktop/%e5%ad%a6%e4%b9%a0/%e5%a4%a7%e4%b8%89%e4%b8%8b%e8%af%be%e7%a8%8b/java/%e5%ae%9e%e9%aa%8c/%e5%ae%9e%e9%aa%8c%e4%b8%80/test/test/config/..//ser/Posting.dat</td></tr></table><p class="totop"><a href="#summary">back to summary</a></p>
<h3 id="m18">hust.cs.javacourse.search.index.PostingTest#testSetDocId</h3><table class="result"><tr class="param"><th>Parameter #1</th><th>Parameter #2</th></tr><tr class="param stripe"><td>Posting{docId=20, freq=0, positions=[]}</td><td>20</td></tr></table><p class="totop"><a href="#summary">back to summary</a></p>
<h3 id="m19">hust.cs.javacourse.search.index.PostingTest#testSetFreq</h3><table class="result"><tr class="param"><th>Parameter #1</th><th>Parameter #2</th></tr><tr class="param stripe"><td>Posting{docId=0, freq=8, positions=[]}</td><td>8</td></tr></table><p class="totop"><a href="#summary">back to summary</a></p>
<h3 id="m20">hust.cs.javacourse.search.index.PostingTest#testSetPositions</h3><table class="result"><tr class="param"><th>Parameter #1</th><th>Parameter #2</th></tr><tr class="param stripe"><td>Posting{docId=0, freq=0, positions=[100, 320, 400]}</td><td>[100, 320, 400]</td></tr></table><p class="totop"><a href="#summary">back to summary</a></p>
<h3 id="m21">hust.cs.javacourse.search.index.PostingTest#testSort</h3><table class="result"><tr class="param"><th>Parameter #1</th><th>Parameter #2</th></tr><tr class="param stripe"><td>Posting{docId=1, freq=4, positions=[10, 100, 320, 400]}</td><td>[10, 100, 320, 400]</td></tr></table><p class="totop"><a href="#summary">back to summary</a></p>
<h3 id="m22">hust.cs.javacourse.search.index.PostingTest#testTestEquals</h3><table class="result"><tr class="param"><th>Parameter #1</th><th>Parameter #2</th></tr><tr class="param stripe"><td>[Posting{docId=1, freq=4, positions=[10, 100, 320, 400]}, Posting{docId=1, freq=5, positions=[10, 100, 320, 400]}]</td><td>false</td></tr></table><p class="totop"><a href="#summary">back to summary</a></p>
<h3 id="m23">hust.cs.javacourse.search.index.PostingTest#testTestEquals</h3><table class="result"><tr class="param"><th>Parameter #1</th><th>Parameter #2</th></tr><tr class="param stripe"><td>[Posting{docId=2, freq=4, positions=[10, 100, 320, 400]}, Posting{docId=1, freq=4, positions=[10, 100, 320, 400]}]</td><td>false</td></tr></table><p class="totop"><a href="#summary">back to summary</a></p>
<h3 id="m24">hust.cs.javacourse.search.index.PostingTest#testTestEquals</h3><table class="result"><tr class="param"><th>Parameter #1</th><th>Parameter #2</th></tr><tr class="param stripe"><td>[Posting{docId=1, freq=4, positions=[10, 100, 320, 400]}, Posting{docId=1, freq=4, positions=[10, 100, 320, 400]}]</td><td>true</td></tr></table><p class="totop"><a href="#summary">back to summary</a></p>
<h3 id="m25">hust.cs.javacourse.search.index.PostingTest#testTestEquals</h3><table class="result"><tr class="param"><th>Parameter #1</th><th>Parameter #2</th></tr><tr class="param stripe"><td>[Posting{docId=1, freq=4, positions=[10, 100, 320, 400]}, Posting{docId=1, freq=4, positions=[10, 100, 320, 400]}]</td><td>true</td></tr></table><p class="totop"><a href="#summary">back to summary</a></p>
<h3 id="m26">hust.cs.javacourse.search.index.PostingTest#testTestEquals</h3><table class="result"><tr class="param"><th>Parameter #1</th><th>Parameter #2</th></tr><tr class="param stripe"><td>[Posting{docId=1, freq=4, positions=[10, 100, 320, 400]}, Posting{docId=1, freq=4, positions=[100, 320, 400]}]</td><td>false</td></tr></table><p class="totop"><a href="#summary">back to summary</a></p>
<h3 id="m27">hust.cs.javacourse.search.index.PostingTest#testTestToString</h3><table class="result"><tr class="param"><th>Parameter #1</th><th>Parameter #2</th></tr><tr class="param stripe"><td>Posting{docId=1, freq=4, positions=[10, 100, 320, 400]}</td><td>[1, 4, 10, 100, 320, 400]</td></tr></table><p class="totop"><a href="#summary">back to summary</a></p>
<h3 id="m28">hust.cs.javacourse.search.index.PostingTest#testWriteObject</h3><table class="result"><tr class="param"><th>Parameter #1</th><th>Parameter #2</th></tr><tr class="param stripe"><td>Posting{docId=1, freq=4, positions=[10, 100, 320, 400]}</td><td>C:/Users/dell/Desktop/%e5%ad%a6%e4%b9%a0/%e5%a4%a7%e4%b8%89%e4%b8%8b%e8%af%be%e7%a8%8b/java/%e5%ae%9e%e9%aa%8c/%e5%ae%9e%e9%aa%8c%e4%b8%80/test/test/config/..//ser/Posting.dat</td></tr></table><p class="totop"><a href="#summary">back to summary</a></p>
<h2>D:/IdeaWorkspace/SeachEngine/test/hust/cs/javacourse/search/index/PostingListTest.java</h2><h3 id="m29">hust.cs.javacourse.search.index.PostingListTest#testAdd</h3><table class="result"><tr class="param"><th>Parameter #1</th><th>Parameter #2</th></tr><tr class="param stripe"><td>PostingList{list=[Posting{docId=1, freq=4, positions=[1, 2, 3, 4]}, Posting{docId=2, freq=2, positions=[5, 6]}]}</td><td>[Posting{docId=1, freq=4, positions=[1, 2, 3, 4]}, Posting{docId=1, freq=4, positions=[1, 2, 3, 4]}, Posting{docId=2, freq=2, positions=[5, 6]}]</td></tr></table><p class="totop"><a href="#summary">back to summary</a></p>
<h3 id="m30">hust.cs.javacourse.search.index.PostingListTest#testClear</h3><table class="result"><tr class="param"><th>Parameter #1</th><th>Parameter #2</th></tr><tr class="param stripe"><td>PostingList{list=[]}</td><td>null</td></tr></table><p class="totop"><a href="#summary">back to summary</a></p>
<h3 id="m31">hust.cs.javacourse.search.index.PostingListTest#testContains</h3><table class="result"><tr class="param"><th>Parameter #1</th><th>Parameter #2</th></tr><tr class="param stripe"><td>PostingList{list=[Posting{docId=1, freq=4, positions=[1, 2, 3, 4]}]}</td><td>[Posting{docId=1, freq=4, positions=[1, 2, 3, 4]}, Posting{docId=2, freq=2, positions=[5, 6]}]</td></tr></table><p class="totop"><a href="#summary">back to summary</a></p>
<h3 id="m32">hust.cs.javacourse.search.index.PostingListTest#testGet</h3><table class="result"><tr class="param"><th>Parameter #1</th><th>Parameter #2</th></tr><tr class="param stripe"><td>PostingList{list=[Posting{docId=1, freq=4, positions=[1, 2, 3, 4]}, Posting{docId=2, freq=2, positions=[5, 6]}]}</td><td>[Posting{docId=1, freq=4, positions=[1, 2, 3, 4]}, Posting{docId=2, freq=2, positions=[5, 6]}]</td></tr></table><p class="totop"><a href="#summary">back to summary</a></p>
<h3 id="m33">hust.cs.javacourse.search.index.PostingListTest#testIndexOf</h3><table class="result"><tr class="param"><th>Parameter #1</th><th>Parameter #2</th></tr><tr class="param stripe"><td>PostingList{list=[Posting{docId=1, freq=4, positions=[1, 2, 3, 4]}, Posting{docId=2, freq=2, positions=[5, 6]}]}</td><td>[Posting{docId=1, freq=4, positions=[1, 2, 3, 4]}, Posting{docId=2, freq=2, positions=[5, 6]}]</td></tr></table><p class="totop"><a href="#summary">back to summary</a></p>
<h3 id="m34">hust.cs.javacourse.search.index.PostingListTest#testIsEmpty</h3><table class="result"><tr class="param"><th>Parameter #1</th><th>Parameter #2</th></tr><tr class="param stripe"><td>PostingList{list=[]}</td><td>true</td></tr></table><p class="totop"><a href="#summary">back to summary</a></p>
<h3 id="m35">hust.cs.javacourse.search.index.PostingListTest#testIsEmpty</h3><table class="result"><tr class="param"><th>Parameter #1</th><th>Parameter #2</th></tr><tr class="param stripe"><td>PostingList{list=[Posting{docId=1, freq=4, positions=[1, 2, 3, 4]}, Posting{docId=2, freq=2, positions=[5, 6]}]}</td><td>false</td></tr></table><p class="totop"><a href="#summary">back to summary</a></p>
<h3 id="m36">hust.cs.javacourse.search.index.PostingListTest#testReadObject</h3><table class="result"><tr class="param"><th>Parameter #1</th><th>Parameter #2</th></tr><tr class="param stripe"><td>PostingList{list=[Posting{docId=1, freq=4, positions=[1, 2, 3, 4]}, Posting{docId=2, freq=2, positions=[5, 6]}]}</td><td>C:/Users/dell/Desktop/%e5%ad%a6%e4%b9%a0/%e5%a4%a7%e4%b8%89%e4%b8%8b%e8%af%be%e7%a8%8b/java/%e5%ae%9e%e9%aa%8c/%e5%ae%9e%e9%aa%8c%e4%b8%80/test/test/config/..//ser/PostingList.dat</td></tr></table><p class="totop"><a href="#summary">back to summary</a></p>
<h3 id="m37">hust.cs.javacourse.search.index.PostingListTest#testRemove</h3><table class="result"><tr class="param"><th>Parameter #1</th><th>Parameter #2</th></tr><tr class="param stripe"><td>PostingList{list=[]}</td><td>[Posting{docId=1, freq=4, positions=[1, 2, 3, 4]}, Posting{docId=2, freq=2, positions=[5, 6]}]</td></tr></table><p class="totop"><a href="#summary">back to summary</a></p>
<h3 id="m38">hust.cs.javacourse.search.index.PostingListTest#testSize</h3><table class="result"><tr class="param"><th>Parameter #1</th><th>Parameter #2</th></tr><tr class="param stripe"><td>PostingList{list=[]}</td><td>0</td></tr></table><p class="totop"><a href="#summary">back to summary</a></p>
<h3 id="m39">hust.cs.javacourse.search.index.PostingListTest#testSize</h3><table class="result"><tr class="param"><th>Parameter #1</th><th>Parameter #2</th></tr><tr class="param stripe"><td>PostingList{list=[Posting{docId=1, freq=4, positions=[1, 2, 3, 4]}, Posting{docId=2, freq=2, positions=[5, 6]}]}</td><td>2</td></tr></table><p class="totop"><a href="#summary">back to summary</a></p>
<h3 id="m40">hust.cs.javacourse.search.index.PostingListTest#testSort</h3><table class="result"><tr class="param"><th>Parameter #1</th><th>Parameter #2</th></tr><tr class="param stripe"><td>PostingList{list=[Posting{docId=2, freq=4, positions=[5, 7, 8, 9]}, Posting{docId=3, freq=2, positions=[10, 11]}, Posting{docId=4, freq=4, positions=[1, 2, 3, 4]}]}</td><td>[2, 3, 4]</td></tr></table><p class="totop"><a href="#summary">back to summary</a></p>
<h3 id="m41">hust.cs.javacourse.search.index.PostingListTest#testTestAdd</h3><table class="result"><tr class="param"><th>Parameter #1</th><th>Parameter #2</th></tr><tr class="param stripe"><td>PostingList{list=[Posting{docId=1, freq=4, positions=[1, 2, 3, 4]}, Posting{docId=2, freq=2, positions=[5, 6]}]}</td><td>[Posting{docId=1, freq=4, positions=[1, 2, 3, 4]}, Posting{docId=1, freq=4, positions=[1, 2, 3, 4]}, Posting{docId=2, freq=2, positions=[5, 6]}]</td></tr></table><p class="totop"><a href="#summary">back to summary</a></p>
<h3 id="m42">hust.cs.javacourse.search.index.PostingListTest#testTestIndexOf</h3><table class="result"><tr class="param"><th>Parameter #1</th><th>Parameter #2</th></tr><tr class="param stripe"><td>PostingList{list=[Posting{docId=1, freq=4, positions=[1, 2, 3, 4]}, Posting{docId=2, freq=2, positions=[5, 6]}]}</td><td>[Posting{docId=1, freq=4, positions=[1, 2, 3, 4]}, Posting{docId=2, freq=2, positions=[5, 6]}]</td></tr></table><p class="totop"><a href="#summary">back to summary</a></p>
<h3 id="m43">hust.cs.javacourse.search.index.PostingListTest#testTestRemove</h3><table class="result"><tr class="param"><th>Parameter #1</th><th>Parameter #2</th></tr><tr class="param stripe"><td>PostingList{list=[]}</td><td>[Posting{docId=1, freq=4, positions=[1, 2, 3, 4]}, Posting{docId=2, freq=2, positions=[5, 6]}]</td></tr></table><p class="totop"><a href="#summary">back to summary</a></p>
<h3 id="m44">hust.cs.javacourse.search.index.PostingListTest#testTestToString</h3><table class="result"><tr class="param"><th>Parameter #1</th><th>Parameter #2</th></tr><tr class="param stripe"><td>PostingList{list=[Posting{docId=1, freq=4, positions=[1, 2, 3, 4]}, Posting{docId=2, freq=2, positions=[5, 6]}]}</td><td>[Posting{docId=1, freq=4, positions=[1, 2, 3, 4]}, Posting{docId=2, freq=2, positions=[5, 6]}]</td></tr></table><p class="totop"><a href="#summary">back to summary</a></p>
<h3 id="m45">hust.cs.javacourse.search.index.PostingListTest#testWriteObject</h3><table class="result"><tr class="param"><th>Parameter #1</th><th>Parameter #2</th></tr><tr class="param stripe"><td>PostingList{list=[Posting{docId=1, freq=4, positions=[1, 2, 3, 4]}, Posting{docId=2, freq=2, positions=[5, 6]}]}</td><td>C:/Users/dell/Desktop/%e5%ad%a6%e4%b9%a0/%e5%a4%a7%e4%b8%89%e4%b8%8b%e8%af%be%e7%a8%8b/java/%e5%ae%9e%e9%aa%8c/%e5%ae%9e%e9%aa%8c%e4%b8%80/test/test/config/..//ser/PostingList.dat</td></tr></table><p class="totop"><a href="#summary">back to summary</a></p>
<h2>D:/IdeaWorkspace/SeachEngine/test/hust/cs/javacourse/search/index/DocumentTest.java</h2><h3 id="m46">hust.cs.javacourse.search.index.DocumentTest#testAddTuple</h3><table class="result"><tr class="param"><th>Parameter #1</th><th>Parameter #2</th></tr><tr class="param stripe"><td>Document{docId=1, docPath=&apos;C:/1.txt&apos;, tuples=[TermTuple{term=aaa, freq=1, curPos=17}]}</td><td>TermTuple{term=aaa, freq=1, curPos=17}</td></tr></table><p class="totop"><a href="#summary">back to summary</a></p>
<h3 id="m47">hust.cs.javacourse.search.index.DocumentTest#testContains</h3><table class="result"><tr class="param"><th>Parameter #1</th><th>Parameter #2</th></tr><tr class="param stripe"><td>Document{docId=1, docPath=&apos;C:/1.txt&apos;, tuples=[TermTuple{term=aaa, freq=1, curPos=17}, TermTuple{term=bbb, freq=1, curPos=30}]}</td><td>TermTuple{term=aaa, freq=1, curPos=17}</td></tr></table><p class="totop"><a href="#summary">back to summary</a></p>
<h3 id="m48">hust.cs.javacourse.search.index.DocumentTest#testContains</h3><table class="result"><tr class="param"><th>Parameter #1</th><th>Parameter #2</th></tr><tr class="param stripe"><td>Document{docId=1, docPath=&apos;C:/1.txt&apos;, tuples=[TermTuple{term=aaa, freq=1, curPos=17}, TermTuple{term=bbb, freq=1, curPos=30}]}</td><td>TermTuple{term=bbb, freq=1, curPos=30}</td></tr></table><p class="totop"><a href="#summary">back to summary</a></p>
<h3 id="m49">hust.cs.javacourse.search.index.DocumentTest#testGetDocId</h3><table class="result"><tr class="param"><th>Parameter #1</th><th>Parameter #2</th></tr><tr class="param stripe"><td>Document{docId=1, docPath=&apos;C:/1.txt&apos;, tuples=[TermTuple{term=aaa, freq=1, curPos=17}]}</td><td>1</td></tr></table><p class="totop"><a href="#summary">back to summary</a></p>
<h3 id="m50">hust.cs.javacourse.search.index.DocumentTest#testGetDocPath</h3><table class="result"><tr class="param"><th>Parameter #1</th><th>Parameter #2</th></tr><tr class="param stripe"><td>Document{docId=1, docPath=&apos;C:/1.txt&apos;, tuples=[TermTuple{term=aaa, freq=1, curPos=17}]}</td><td>C:/1.txt</td></tr></table><p class="totop"><a href="#summary">back to summary</a></p>
<h3 id="m51">hust.cs.javacourse.search.index.DocumentTest#testGetTuple</h3><table class="result"><tr class="param"><th>Parameter #1</th><th>Parameter #2</th></tr><tr class="param stripe"><td>Document{docId=1, docPath=&apos;C:/1.txt&apos;, tuples=[TermTuple{term=aaa, freq=1, curPos=17}, TermTuple{term=bbb, freq=1, curPos=30}]}</td><td>[TermTuple{term=aaa, freq=1, curPos=17}, TermTuple{term=bbb, freq=1, curPos=30}]</td></tr></table><p class="totop"><a href="#summary">back to summary</a></p>
<h3 id="m52">hust.cs.javacourse.search.index.DocumentTest#testGetTupleSize</h3><table class="result"><tr class="param"><th>Parameter #1</th><th>Parameter #2</th></tr><tr class="param stripe"><td>Document{docId=1, docPath=&apos;C:/1.txt&apos;, tuples=[]}</td><td>0</td></tr></table><p class="totop"><a href="#summary">back to summary</a></p>
<h3 id="m53">hust.cs.javacourse.search.index.DocumentTest#testGetTupleSize</h3><table class="result"><tr class="param"><th>Parameter #1</th><th>Parameter #2</th></tr><tr class="param stripe"><td>Document{docId=1, docPath=&apos;C:/1.txt&apos;, tuples=[TermTuple{term=aaa, freq=1, curPos=17}, TermTuple{term=bbb, freq=1, curPos=30}]}</td><td>2</td></tr></table><p class="totop"><a href="#summary">back to summary</a></p>
<h3 id="m54">hust.cs.javacourse.search.index.DocumentTest#testGetTuples</h3><table class="result"><tr class="param"><th>Parameter #1</th><th>Parameter #2</th></tr><tr class="param stripe"><td>Document{docId=1, docPath=&apos;C:/1.txt&apos;, tuples=[TermTuple{term=aaa, freq=1, curPos=17}, TermTuple{term=bbb, freq=1, curPos=30}]}</td><td>[TermTuple{term=aaa, freq=1, curPos=17}, TermTuple{term=bbb, freq=1, curPos=30}]</td></tr></table><p class="totop"><a href="#summary">back to summary</a></p>
<h3 id="m55">hust.cs.javacourse.search.index.DocumentTest#testSetDocId</h3><table class="result"><tr class="param"><th>Parameter #1</th><th>Parameter #2</th></tr><tr class="param stripe"><td>Document{docId=2, docPath=&apos;null&apos;, tuples=[]}</td><td>2</td></tr></table><p class="totop"><a href="#summary">back to summary</a></p>
<h3 id="m56">hust.cs.javacourse.search.index.DocumentTest#testSetDocPath</h3><table class="result"><tr class="param"><th>Parameter #1</th><th>Parameter #2</th></tr><tr class="param stripe"><td>Document{docId=0, docPath=&apos;C:/2.txt&apos;, tuples=[]}</td><td>C:/2.txt</td></tr></table><p class="totop"><a href="#summary">back to summary</a></p>
<h3 id="m57">hust.cs.javacourse.search.index.DocumentTest#testTestToString</h3><table class="result"><tr class="param"><th>Parameter #1</th><th>Parameter #2</th></tr><tr class="param stripe"><td>Document{docId=1, docPath=&apos;C:/1.txt&apos;, tuples=[TermTuple{term=aaa, freq=1, curPos=17}, TermTuple{term=bbb, freq=1, curPos=30}]}</td><td>[1, C:/1.txt, TermTuple{term=aaa, freq=1, curPos=17}, TermTuple{term=bbb, freq=1, curPos=30}]</td></tr></table><p class="totop"><a href="#summary">back to summary</a></p>
<h2>D:/IdeaWorkspace/SeachEngine/test/hust/cs/javacourse/search/parse/TermTupleScannerTest.java</h2><h3 id="m58">hust.cs.javacourse.search.parse.TermTupleScannerTest#testNext</h3><table class="result"><tr><th>Exception</th></tr><tr><td><div class="stacktrace">java.lang.RuntimeException: java.lang.NullPointerException
	at org.testng.internal.MethodInvocationHelper.invokeMethodNoCheckedException(MethodInvocationHelper.java:49)
	at org.testng.internal.MethodInvocationHelper.invokeDataProvider(MethodInvocationHelper.java:131)
	at org.testng.internal.Parameters.handleParameters(Parameters.java:706)
	at org.testng.internal.ParameterHandler.handleParameters(ParameterHandler.java:49)
	at org.testng.internal.ParameterHandler.createParameters(ParameterHandler.java:37)
	at org.testng.internal.Invoker.invokeTestMethods(Invoker.java:924)
	at org.testng.internal.TestMethodWorker.invokeTestMethods(TestMethodWorker.java:125)
	at org.testng.internal.TestMethodWorker.run(TestMethodWorker.java:109)
	at org.testng.TestRunner.privateRun(TestRunner.java:648)
	at org.testng.TestRunner.run(TestRunner.java:505)
	at org.testng.SuiteRunner.runTest(SuiteRunner.java:455)
	at org.testng.SuiteRunner.runSequentially(SuiteRunner.java:450)
	at org.testng.SuiteRunner.privateRun(SuiteRunner.java:415)
	at org.testng.SuiteRunner.run(SuiteRunner.java:364)
	at org.testng.SuiteRunnerWorker.runSuite(SuiteRunnerWorker.java:52)
	at org.testng.SuiteRunnerWorker.run(SuiteRunnerWorker.java:84)
	at org.testng.TestNG.runSuitesSequentially(TestNG.java:1208)
	at org.testng.TestNG.runSuitesLocally(TestNG.java:1137)
	at org.testng.TestNG.runSuites(TestNG.java:1049)
	at org.testng.TestNG.run(TestNG.java:1017)
	at org.testng.TestNG.privateMain(TestNG.java:1354)
	at org.testng.TestNG.main(TestNG.java:1323)
Caused by: java.lang.NullPointerException
	at java.base/java.util.regex.Matcher.getTextLength(Matcher.java:1770)
	at java.base/java.util.regex.Matcher.reset(Matcher.java:416)
	at java.base/java.util.regex.Matcher.&lt;init&gt;(Matcher.java:253)
	at java.base/java.util.regex.Pattern.matcher(Pattern.java:1134)
	at util.StringSplitter.splitByRegex(StringSplitter.java:35)
	at hust.cs.javacourse.search.parse.TermTupleScanFilterTestCase.parse(TermTupleScanFilterTestCase.java:55)
	at hust.cs.javacourse.search.parse.TermTupleScanFilterTestCase.parseFile(TermTupleScanFilterTestCase.java:92)
	at hust.cs.javacourse.search.parse.TermTupleScannerTestDataProvider.testTermTupleScanner(TermTupleScannerTestDataProvider.java:38)
	at java.base/jdk.internal.reflect.NativeMethodAccessorImpl.invoke0(Native Method)
	at java.base/jdk.internal.reflect.NativeMethodAccessorImpl.invoke(NativeMethodAccessorImpl.java:62)
	at java.base/jdk.internal.reflect.DelegatingMethodAccessorImpl.invoke(DelegatingMethodAccessorImpl.java:43)
	at java.base/java.lang.reflect.Method.invoke(Method.java:567)
	at org.testng.internal.MethodInvocationHelper.invokeMethod(MethodInvocationHelper.java:124)
	at org.testng.internal.MethodInvocationHelper.invokeMethod(MethodInvocationHelper.java:74)
	at org.testng.internal.MethodInvocationHelper.invokeMethodNoCheckedException(MethodInvocationHelper.java:45)
	... 21 more
</div></td></tr></table><p class="totop"><a href="#summary">back to summary</a></p>
<h2>D:/IdeaWorkspace/SeachEngine/test/hust/cs/javacourse/search/parse/StopWordTermTupleFilterTest.java</h2><h3 id="m59">hust.cs.javacourse.search.parse.StopWordTermTupleFilterTest#testNext</h3><table class="result"><tr><th>Exception</th></tr><tr><td><div class="stacktrace">java.lang.RuntimeException: java.lang.NullPointerException
	at org.testng.internal.MethodInvocationHelper.invokeMethodNoCheckedException(MethodInvocationHelper.java:49)
	at org.testng.internal.MethodInvocationHelper.invokeDataProvider(MethodInvocationHelper.java:131)
	at org.testng.internal.Parameters.handleParameters(Parameters.java:706)
	at org.testng.internal.ParameterHandler.handleParameters(ParameterHandler.java:49)
	at org.testng.internal.ParameterHandler.createParameters(ParameterHandler.java:37)
	at org.testng.internal.Invoker.invokeTestMethods(Invoker.java:924)
	at org.testng.internal.TestMethodWorker.invokeTestMethods(TestMethodWorker.java:125)
	at org.testng.internal.TestMethodWorker.run(TestMethodWorker.java:109)
	at org.testng.TestRunner.privateRun(TestRunner.java:648)
	at org.testng.TestRunner.run(TestRunner.java:505)
	at org.testng.SuiteRunner.runTest(SuiteRunner.java:455)
	at org.testng.SuiteRunner.runSequentially(SuiteRunner.java:450)
	at org.testng.SuiteRunner.privateRun(SuiteRunner.java:415)
	at org.testng.SuiteRunner.run(SuiteRunner.java:364)
	at org.testng.SuiteRunnerWorker.runSuite(SuiteRunnerWorker.java:52)
	at org.testng.SuiteRunnerWorker.run(SuiteRunnerWorker.java:84)
	at org.testng.TestNG.runSuitesSequentially(TestNG.java:1208)
	at org.testng.TestNG.runSuitesLocally(TestNG.java:1137)
	at org.testng.TestNG.runSuites(TestNG.java:1049)
	at org.testng.TestNG.run(TestNG.java:1017)
	at org.testng.TestNG.privateMain(TestNG.java:1354)
	at org.testng.TestNG.main(TestNG.java:1323)
Caused by: java.lang.NullPointerException
	at java.base/java.util.regex.Matcher.getTextLength(Matcher.java:1770)
	at java.base/java.util.regex.Matcher.reset(Matcher.java:416)
	at java.base/java.util.regex.Matcher.&lt;init&gt;(Matcher.java:253)
	at java.base/java.util.regex.Pattern.matcher(Pattern.java:1134)
	at util.StringSplitter.splitByRegex(StringSplitter.java:35)
	at hust.cs.javacourse.search.parse.TermTupleScanFilterTestCase.parse(TermTupleScanFilterTestCase.java:66)
	at hust.cs.javacourse.search.parse.TermTupleScanFilterTestCase.parseFile(TermTupleScanFilterTestCase.java:97)
	at hust.cs.javacourse.search.parse.StopWordTermTupleFilterTestDataProvider.testStopWordTermTupleFilter(StopWordTermTupleFilterTestDataProvider.java:40)
	at java.base/jdk.internal.reflect.NativeMethodAccessorImpl.invoke0(Native Method)
	at java.base/jdk.internal.reflect.NativeMethodAccessorImpl.invoke(NativeMethodAccessorImpl.java:62)
	at java.base/jdk.internal.reflect.DelegatingMethodAccessorImpl.invoke(DelegatingMethodAccessorImpl.java:43)
	at java.base/java.lang.reflect.Method.invoke(Method.java:567)
	at org.testng.internal.MethodInvocationHelper.invokeMethod(MethodInvocationHelper.java:124)
	at org.testng.internal.MethodInvocationHelper.invokeMethod(MethodInvocationHelper.java:74)
	at org.testng.internal.MethodInvocationHelper.invokeMethodNoCheckedException(MethodInvocationHelper.java:45)
	... 21 more
</div></td></tr></table><p class="totop"><a href="#summary">back to summary</a></p>
<h2>D:/IdeaWorkspace/SeachEngine/test/hust/cs/javacourse/search/parse/PatternTermTupleFilterTest.java</h2><h3 id="m60">hust.cs.javacourse.search.parse.PatternTermTupleFilterTest#testNext</h3><table class="result"><tr><th>Exception</th></tr><tr><td><div class="stacktrace">java.lang.RuntimeException: java.lang.NullPointerException
	at org.testng.internal.MethodInvocationHelper.invokeMethodNoCheckedException(MethodInvocationHelper.java:49)
	at org.testng.internal.MethodInvocationHelper.invokeDataProvider(MethodInvocationHelper.java:131)
	at org.testng.internal.Parameters.handleParameters(Parameters.java:706)
	at org.testng.internal.ParameterHandler.handleParameters(ParameterHandler.java:49)
	at org.testng.internal.ParameterHandler.createParameters(ParameterHandler.java:37)
	at org.testng.internal.Invoker.invokeTestMethods(Invoker.java:924)
	at org.testng.internal.TestMethodWorker.invokeTestMethods(TestMethodWorker.java:125)
	at org.testng.internal.TestMethodWorker.run(TestMethodWorker.java:109)
	at org.testng.TestRunner.privateRun(TestRunner.java:648)
	at org.testng.TestRunner.run(TestRunner.java:505)
	at org.testng.SuiteRunner.runTest(SuiteRunner.java:455)
	at org.testng.SuiteRunner.runSequentially(SuiteRunner.java:450)
	at org.testng.SuiteRunner.privateRun(SuiteRunner.java:415)
	at org.testng.SuiteRunner.run(SuiteRunner.java:364)
	at org.testng.SuiteRunnerWorker.runSuite(SuiteRunnerWorker.java:52)
	at org.testng.SuiteRunnerWorker.run(SuiteRunnerWorker.java:84)
	at org.testng.TestNG.runSuitesSequentially(TestNG.java:1208)
	at org.testng.TestNG.runSuitesLocally(TestNG.java:1137)
	at org.testng.TestNG.runSuites(TestNG.java:1049)
	at org.testng.TestNG.run(TestNG.java:1017)
	at org.testng.TestNG.privateMain(TestNG.java:1354)
	at org.testng.TestNG.main(TestNG.java:1323)
Caused by: java.lang.NullPointerException
	at java.base/java.util.regex.Matcher.getTextLength(Matcher.java:1770)
	at java.base/java.util.regex.Matcher.reset(Matcher.java:416)
	at java.base/java.util.regex.Matcher.&lt;init&gt;(Matcher.java:253)
	at java.base/java.util.regex.Pattern.matcher(Pattern.java:1134)
	at util.StringSplitter.splitByRegex(StringSplitter.java:35)
	at hust.cs.javacourse.search.parse.TermTupleScanFilterTestCase.parse(TermTupleScanFilterTestCase.java:66)
	at hust.cs.javacourse.search.parse.TermTupleScanFilterTestCase.parseFile(TermTupleScanFilterTestCase.java:97)
	at hust.cs.javacourse.search.parse.PatternTermTupleFilterTestDataProvider.testPatternTermTupleFilter(PatternTermTupleFilterTestDataProvider.java:31)
	at java.base/jdk.internal.reflect.NativeMethodAccessorImpl.invoke0(Native Method)
	at java.base/jdk.internal.reflect.NativeMethodAccessorImpl.invoke(NativeMethodAccessorImpl.java:62)
	at java.base/jdk.internal.reflect.DelegatingMethodAccessorImpl.invoke(DelegatingMethodAccessorImpl.java:43)
	at java.base/java.lang.reflect.Method.invoke(Method.java:567)
	at org.testng.internal.MethodInvocationHelper.invokeMethod(MethodInvocationHelper.java:124)
	at org.testng.internal.MethodInvocationHelper.invokeMethod(MethodInvocationHelper.java:74)
	at org.testng.internal.MethodInvocationHelper.invokeMethodNoCheckedException(MethodInvocationHelper.java:45)
	... 21 more
</div></td></tr></table><p class="totop"><a href="#summary">back to summary</a></p>
<h2>D:/IdeaWorkspace/SeachEngine/test/hust/cs/javacourse/search/parse/LengthTermTupleFilterTest.java</h2><h3 id="m61">hust.cs.javacourse.search.parse.LengthTermTupleFilterTest#testNext</h3><table class="result"><tr><th>Exception</th></tr><tr><td><div class="stacktrace">java.lang.RuntimeException: java.lang.NullPointerException
	at org.testng.internal.MethodInvocationHelper.invokeMethodNoCheckedException(MethodInvocationHelper.java:49)
	at org.testng.internal.MethodInvocationHelper.invokeDataProvider(MethodInvocationHelper.java:131)
	at org.testng.internal.Parameters.handleParameters(Parameters.java:706)
	at org.testng.internal.ParameterHandler.handleParameters(ParameterHandler.java:49)
	at org.testng.internal.ParameterHandler.createParameters(ParameterHandler.java:37)
	at org.testng.internal.Invoker.invokeTestMethods(Invoker.java:924)
	at org.testng.internal.TestMethodWorker.invokeTestMethods(TestMethodWorker.java:125)
	at org.testng.internal.TestMethodWorker.run(TestMethodWorker.java:109)
	at org.testng.TestRunner.privateRun(TestRunner.java:648)
	at org.testng.TestRunner.run(TestRunner.java:505)
	at org.testng.SuiteRunner.runTest(SuiteRunner.java:455)
	at org.testng.SuiteRunner.runSequentially(SuiteRunner.java:450)
	at org.testng.SuiteRunner.privateRun(SuiteRunner.java:415)
	at org.testng.SuiteRunner.run(SuiteRunner.java:364)
	at org.testng.SuiteRunnerWorker.runSuite(SuiteRunnerWorker.java:52)
	at org.testng.SuiteRunnerWorker.run(SuiteRunnerWorker.java:84)
	at org.testng.TestNG.runSuitesSequentially(TestNG.java:1208)
	at org.testng.TestNG.runSuitesLocally(TestNG.java:1137)
	at org.testng.TestNG.runSuites(TestNG.java:1049)
	at org.testng.TestNG.run(TestNG.java:1017)
	at org.testng.TestNG.privateMain(TestNG.java:1354)
	at org.testng.TestNG.main(TestNG.java:1323)
Caused by: java.lang.NullPointerException
	at java.base/java.util.regex.Matcher.getTextLength(Matcher.java:1770)
	at java.base/java.util.regex.Matcher.reset(Matcher.java:416)
	at java.base/java.util.regex.Matcher.&lt;init&gt;(Matcher.java:253)
	at java.base/java.util.regex.Pattern.matcher(Pattern.java:1134)
	at util.StringSplitter.splitByRegex(StringSplitter.java:35)
	at hust.cs.javacourse.search.parse.TermTupleScanFilterTestCase.parse(TermTupleScanFilterTestCase.java:66)
	at hust.cs.javacourse.search.parse.TermTupleScanFilterTestCase.parseFile(TermTupleScanFilterTestCase.java:97)
	at hust.cs.javacourse.search.parse.LengthTermTupleFilterTestDataProvider.testLengthTermTupleFilter(LengthTermTupleFilterTestDataProvider.java:32)
	at java.base/jdk.internal.reflect.NativeMethodAccessorImpl.invoke0(Native Method)
	at java.base/jdk.internal.reflect.NativeMethodAccessorImpl.invoke(NativeMethodAccessorImpl.java:62)
	at java.base/jdk.internal.reflect.DelegatingMethodAccessorImpl.invoke(DelegatingMethodAccessorImpl.java:43)
	at java.base/java.lang.reflect.Method.invoke(Method.java:567)
	at org.testng.internal.MethodInvocationHelper.invokeMethod(MethodInvocationHelper.java:124)
	at org.testng.internal.MethodInvocationHelper.invokeMethod(MethodInvocationHelper.java:74)
	at org.testng.internal.MethodInvocationHelper.invokeMethodNoCheckedException(MethodInvocationHelper.java:45)
	... 21 more
</div></td></tr></table><p class="totop"><a href="#summary">back to summary</a></p>
<h2>D:/IdeaWorkspace/SeachEngine/test/hust/cs/javacourse/search/parse/ScannerFilterAllInOneTest.java</h2><h3 id="m62">hust.cs.javacourse.search.parse.ScannerFilterAllInOneTest#testNext</h3><table class="result"><tr><th>Exception</th></tr><tr><td><div class="stacktrace">java.lang.RuntimeException: java.lang.NullPointerException
	at org.testng.internal.MethodInvocationHelper.invokeMethodNoCheckedException(MethodInvocationHelper.java:49)
	at org.testng.internal.MethodInvocationHelper.invokeDataProvider(MethodInvocationHelper.java:131)
	at org.testng.internal.Parameters.handleParameters(Parameters.java:706)
	at org.testng.internal.ParameterHandler.handleParameters(ParameterHandler.java:49)
	at org.testng.internal.ParameterHandler.createParameters(ParameterHandler.java:37)
	at org.testng.internal.Invoker.invokeTestMethods(Invoker.java:924)
	at org.testng.internal.TestMethodWorker.invokeTestMethods(TestMethodWorker.java:125)
	at org.testng.internal.TestMethodWorker.run(TestMethodWorker.java:109)
	at org.testng.TestRunner.privateRun(TestRunner.java:648)
	at org.testng.TestRunner.run(TestRunner.java:505)
	at org.testng.SuiteRunner.runTest(SuiteRunner.java:455)
	at org.testng.SuiteRunner.runSequentially(SuiteRunner.java:450)
	at org.testng.SuiteRunner.privateRun(SuiteRunner.java:415)
	at org.testng.SuiteRunner.run(SuiteRunner.java:364)
	at org.testng.SuiteRunnerWorker.runSuite(SuiteRunnerWorker.java:52)
	at org.testng.SuiteRunnerWorker.run(SuiteRunnerWorker.java:84)
	at org.testng.TestNG.runSuitesSequentially(TestNG.java:1208)
	at org.testng.TestNG.runSuitesLocally(TestNG.java:1137)
	at org.testng.TestNG.runSuites(TestNG.java:1049)
	at org.testng.TestNG.run(TestNG.java:1017)
	at org.testng.TestNG.privateMain(TestNG.java:1354)
	at org.testng.TestNG.main(TestNG.java:1323)
Caused by: java.lang.NullPointerException
	at java.base/java.util.regex.Matcher.getTextLength(Matcher.java:1770)
	at java.base/java.util.regex.Matcher.reset(Matcher.java:416)
	at java.base/java.util.regex.Matcher.&lt;init&gt;(Matcher.java:253)
	at java.base/java.util.regex.Pattern.matcher(Pattern.java:1134)
	at util.StringSplitter.splitByRegex(StringSplitter.java:35)
	at hust.cs.javacourse.search.parse.TermTupleScanFilterTestCase.parse(TermTupleScanFilterTestCase.java:66)
	at hust.cs.javacourse.search.parse.TermTupleScanFilterTestCase.parseFile(TermTupleScanFilterTestCase.java:97)
	at hust.cs.javacourse.search.parse.ScannerFilterAllInOneTestDataProvider.testScannerFilterAllInOne(ScannerFilterAllInOneTestDataProvider.java:36)
	at java.base/jdk.internal.reflect.NativeMethodAccessorImpl.invoke0(Native Method)
	at java.base/jdk.internal.reflect.NativeMethodAccessorImpl.invoke(NativeMethodAccessorImpl.java:62)
	at java.base/jdk.internal.reflect.DelegatingMethodAccessorImpl.invoke(DelegatingMethodAccessorImpl.java:43)
	at java.base/java.lang.reflect.Method.invoke(Method.java:567)
	at org.testng.internal.MethodInvocationHelper.invokeMethod(MethodInvocationHelper.java:124)
	at org.testng.internal.MethodInvocationHelper.invokeMethod(MethodInvocationHelper.java:74)
	at org.testng.internal.MethodInvocationHelper.invokeMethodNoCheckedException(MethodInvocationHelper.java:45)
	... 21 more
</div></td></tr></table><p class="totop"><a href="#summary">back to summary</a></p>
<h2>D:/IdeaWorkspace/SeachEngine/test/hust/cs/javacourse/search/index/DocumentBuilderTest.java</h2><h3 id="m63">hust.cs.javacourse.search.index.DocumentBuilderTest#testBuild</h3><table class="result"><tr class="param"><th>Parameter #1</th><th>Parameter #2</th></tr><tr class="param stripe"><td>null</td><td>null</td></tr><tr><th colspan="2">Exception</th></tr><tr><td colspan="2"><div class="stacktrace">java.lang.NullPointerException
	at util.CustomComparator.isEqual(CustomComparator.java:27)
	at hust.cs.javacourse.search.index.DocumentBuilderTest.testBuild(DocumentBuilderTest.java:13)
	at java.base/jdk.internal.reflect.NativeMethodAccessorImpl.invoke0(Native Method)
	at java.base/jdk.internal.reflect.NativeMethodAccessorImpl.invoke(NativeMethodAccessorImpl.java:62)
	at java.base/jdk.internal.reflect.DelegatingMethodAccessorImpl.invoke(DelegatingMethodAccessorImpl.java:43)
	at java.base/java.lang.reflect.Method.invoke(Method.java:567)
	at org.testng.internal.MethodInvocationHelper.invokeMethod(MethodInvocationHelper.java:124)
	at org.testng.internal.Invoker.invokeMethod(Invoker.java:583)
	at org.testng.internal.Invoker.invokeTestMethod(Invoker.java:719)
	at org.testng.internal.Invoker.invokeTestMethods(Invoker.java:989)
	at org.testng.internal.TestMethodWorker.invokeTestMethods(TestMethodWorker.java:125)
	at org.testng.internal.TestMethodWorker.run(TestMethodWorker.java:109)
	at org.testng.TestRunner.privateRun(TestRunner.java:648)
	at org.testng.TestRunner.run(TestRunner.java:505)
	at org.testng.SuiteRunner.runTest(SuiteRunner.java:455)
	at org.testng.SuiteRunner.runSequentially(SuiteRunner.java:450)
	at org.testng.SuiteRunner.privateRun(SuiteRunner.java:415)
	at org.testng.SuiteRunner.run(SuiteRunner.java:364)
	at org.testng.SuiteRunnerWorker.runSuite(SuiteRunnerWorker.java:52)
	at org.testng.SuiteRunnerWorker.run(SuiteRunnerWorker.java:84)
	at org.testng.TestNG.runSuitesSequentially(TestNG.java:1208)
	at org.testng.TestNG.runSuitesLocally(TestNG.java:1137)
	at org.testng.TestNG.runSuites(TestNG.java:1049)
	at org.testng.TestNG.run(TestNG.java:1017)
	at org.testng.TestNG.privateMain(TestNG.java:1354)
	at org.testng.TestNG.main(TestNG.java:1323)
</div></td></tr></table><p class="totop"><a href="#summary">back to summary</a></p>
<h3 id="m64">hust.cs.javacourse.search.index.DocumentBuilderTest#testBuild</h3><table class="result"><tr class="param"><th>Parameter #1</th><th>Parameter #2</th></tr><tr class="param stripe"><td>null</td><td>null</td></tr><tr><th colspan="2">Exception</th></tr><tr><td colspan="2"><div class="stacktrace">java.lang.NullPointerException
	at util.CustomComparator.isEqual(CustomComparator.java:27)
	at hust.cs.javacourse.search.index.DocumentBuilderTest.testBuild(DocumentBuilderTest.java:13)
	at java.base/jdk.internal.reflect.NativeMethodAccessorImpl.invoke0(Native Method)
	at java.base/jdk.internal.reflect.NativeMethodAccessorImpl.invoke(NativeMethodAccessorImpl.java:62)
	at java.base/jdk.internal.reflect.DelegatingMethodAccessorImpl.invoke(DelegatingMethodAccessorImpl.java:43)
	at java.base/java.lang.reflect.Method.invoke(Method.java:567)
	at org.testng.internal.MethodInvocationHelper.invokeMethod(MethodInvocationHelper.java:124)
	at org.testng.internal.Invoker.invokeMethod(Invoker.java:583)
	at org.testng.internal.Invoker.invokeTestMethod(Invoker.java:719)
	at org.testng.internal.Invoker.invokeTestMethods(Invoker.java:989)
	at org.testng.internal.TestMethodWorker.invokeTestMethods(TestMethodWorker.java:125)
	at org.testng.internal.TestMethodWorker.run(TestMethodWorker.java:109)
	at org.testng.TestRunner.privateRun(TestRunner.java:648)
	at org.testng.TestRunner.run(TestRunner.java:505)
	at org.testng.SuiteRunner.runTest(SuiteRunner.java:455)
	at org.testng.SuiteRunner.runSequentially(SuiteRunner.java:450)
	at org.testng.SuiteRunner.privateRun(SuiteRunner.java:415)
	at org.testng.SuiteRunner.run(SuiteRunner.java:364)
	at org.testng.SuiteRunnerWorker.runSuite(SuiteRunnerWorker.java:52)
	at org.testng.SuiteRunnerWorker.run(SuiteRunnerWorker.java:84)
	at org.testng.TestNG.runSuitesSequentially(TestNG.java:1208)
	at org.testng.TestNG.runSuitesLocally(TestNG.java:1137)
	at org.testng.TestNG.runSuites(TestNG.java:1049)
	at org.testng.TestNG.run(TestNG.java:1017)
	at org.testng.TestNG.privateMain(TestNG.java:1354)
	at org.testng.TestNG.main(TestNG.java:1323)
</div></td></tr></table><p class="totop"><a href="#summary">back to summary</a></p>
<h3 id="m65">hust.cs.javacourse.search.index.DocumentBuilderTest#testBuild</h3><table class="result"><tr class="param"><th>Parameter #1</th><th>Parameter #2</th></tr><tr class="param stripe"><td>null</td><td>null</td></tr><tr><th colspan="2">Exception</th></tr><tr><td colspan="2"><div class="stacktrace">java.lang.NullPointerException
	at util.CustomComparator.isEqual(CustomComparator.java:27)
	at hust.cs.javacourse.search.index.DocumentBuilderTest.testBuild(DocumentBuilderTest.java:13)
	at java.base/jdk.internal.reflect.NativeMethodAccessorImpl.invoke0(Native Method)
	at java.base/jdk.internal.reflect.NativeMethodAccessorImpl.invoke(NativeMethodAccessorImpl.java:62)
	at java.base/jdk.internal.reflect.DelegatingMethodAccessorImpl.invoke(DelegatingMethodAccessorImpl.java:43)
	at java.base/java.lang.reflect.Method.invoke(Method.java:567)
	at org.testng.internal.MethodInvocationHelper.invokeMethod(MethodInvocationHelper.java:124)
	at org.testng.internal.Invoker.invokeMethod(Invoker.java:583)
	at org.testng.internal.Invoker.invokeTestMethod(Invoker.java:719)
	at org.testng.internal.Invoker.invokeTestMethods(Invoker.java:989)
	at org.testng.internal.TestMethodWorker.invokeTestMethods(TestMethodWorker.java:125)
	at org.testng.internal.TestMethodWorker.run(TestMethodWorker.java:109)
	at org.testng.TestRunner.privateRun(TestRunner.java:648)
	at org.testng.TestRunner.run(TestRunner.java:505)
	at org.testng.SuiteRunner.runTest(SuiteRunner.java:455)
	at org.testng.SuiteRunner.runSequentially(SuiteRunner.java:450)
	at org.testng.SuiteRunner.privateRun(SuiteRunner.java:415)
	at org.testng.SuiteRunner.run(SuiteRunner.java:364)
	at org.testng.SuiteRunnerWorker.runSuite(SuiteRunnerWorker.java:52)
	at org.testng.SuiteRunnerWorker.run(SuiteRunnerWorker.java:84)
	at org.testng.TestNG.runSuitesSequentially(TestNG.java:1208)
	at org.testng.TestNG.runSuitesLocally(TestNG.java:1137)
	at org.testng.TestNG.runSuites(TestNG.java:1049)
	at org.testng.TestNG.run(TestNG.java:1017)
	at org.testng.TestNG.privateMain(TestNG.java:1354)
	at org.testng.TestNG.main(TestNG.java:1323)
</div></td></tr></table><p class="totop"><a href="#summary">back to summary</a></p>
<h3 id="m66">hust.cs.javacourse.search.index.DocumentBuilderTest#testBuild</h3><table class="result"><tr class="param"><th>Parameter #1</th><th>Parameter #2</th></tr><tr class="param stripe"><td>null</td><td>null</td></tr><tr><th colspan="2">Exception</th></tr><tr><td colspan="2"><div class="stacktrace">java.lang.NullPointerException
	at util.CustomComparator.isEqual(CustomComparator.java:27)
	at hust.cs.javacourse.search.index.DocumentBuilderTest.testBuild(DocumentBuilderTest.java:13)
	at java.base/jdk.internal.reflect.NativeMethodAccessorImpl.invoke0(Native Method)
	at java.base/jdk.internal.reflect.NativeMethodAccessorImpl.invoke(NativeMethodAccessorImpl.java:62)
	at java.base/jdk.internal.reflect.DelegatingMethodAccessorImpl.invoke(DelegatingMethodAccessorImpl.java:43)
	at java.base/java.lang.reflect.Method.invoke(Method.java:567)
	at org.testng.internal.MethodInvocationHelper.invokeMethod(MethodInvocationHelper.java:124)
	at org.testng.internal.Invoker.invokeMethod(Invoker.java:583)
	at org.testng.internal.Invoker.invokeTestMethod(Invoker.java:719)
	at org.testng.internal.Invoker.invokeTestMethods(Invoker.java:989)
	at org.testng.internal.TestMethodWorker.invokeTestMethods(TestMethodWorker.java:125)
	at org.testng.internal.TestMethodWorker.run(TestMethodWorker.java:109)
	at org.testng.TestRunner.privateRun(TestRunner.java:648)
	at org.testng.TestRunner.run(TestRunner.java:505)
	at org.testng.SuiteRunner.runTest(SuiteRunner.java:455)
	at org.testng.SuiteRunner.runSequentially(SuiteRunner.java:450)
	at org.testng.SuiteRunner.privateRun(SuiteRunner.java:415)
	at org.testng.SuiteRunner.run(SuiteRunner.java:364)
	at org.testng.SuiteRunnerWorker.runSuite(SuiteRunnerWorker.java:52)
	at org.testng.SuiteRunnerWorker.run(SuiteRunnerWorker.java:84)
	at org.testng.TestNG.runSuitesSequentially(TestNG.java:1208)
	at org.testng.TestNG.runSuitesLocally(TestNG.java:1137)
	at org.testng.TestNG.runSuites(TestNG.java:1049)
	at org.testng.TestNG.run(TestNG.java:1017)
	at org.testng.TestNG.privateMain(TestNG.java:1354)
	at org.testng.TestNG.main(TestNG.java:1323)
</div></td></tr></table><p class="totop"><a href="#summary">back to summary</a></p>
<h3 id="m67">hust.cs.javacourse.search.index.DocumentBuilderTest#testBuild</h3><table class="result"><tr class="param"><th>Parameter #1</th><th>Parameter #2</th></tr><tr class="param stripe"><td>null</td><td>null</td></tr><tr><th colspan="2">Exception</th></tr><tr><td colspan="2"><div class="stacktrace">java.lang.NullPointerException
	at util.CustomComparator.isEqual(CustomComparator.java:27)
	at hust.cs.javacourse.search.index.DocumentBuilderTest.testBuild(DocumentBuilderTest.java:13)
	at java.base/jdk.internal.reflect.NativeMethodAccessorImpl.invoke0(Native Method)
	at java.base/jdk.internal.reflect.NativeMethodAccessorImpl.invoke(NativeMethodAccessorImpl.java:62)
	at java.base/jdk.internal.reflect.DelegatingMethodAccessorImpl.invoke(DelegatingMethodAccessorImpl.java:43)
	at java.base/java.lang.reflect.Method.invoke(Method.java:567)
	at org.testng.internal.MethodInvocationHelper.invokeMethod(MethodInvocationHelper.java:124)
	at org.testng.internal.Invoker.invokeMethod(Invoker.java:583)
	at org.testng.internal.Invoker.invokeTestMethod(Invoker.java:719)
	at org.testng.internal.Invoker.invokeTestMethods(Invoker.java:989)
	at org.testng.internal.TestMethodWorker.invokeTestMethods(TestMethodWorker.java:125)
	at org.testng.internal.TestMethodWorker.run(TestMethodWorker.java:109)
	at org.testng.TestRunner.privateRun(TestRunner.java:648)
	at org.testng.TestRunner.run(TestRunner.java:505)
	at org.testng.SuiteRunner.runTest(SuiteRunner.java:455)
	at org.testng.SuiteRunner.runSequentially(SuiteRunner.java:450)
	at org.testng.SuiteRunner.privateRun(SuiteRunner.java:415)
	at org.testng.SuiteRunner.run(SuiteRunner.java:364)
	at org.testng.SuiteRunnerWorker.runSuite(SuiteRunnerWorker.java:52)
	at org.testng.SuiteRunnerWorker.run(SuiteRunnerWorker.java:84)
	at org.testng.TestNG.runSuitesSequentially(TestNG.java:1208)
	at org.testng.TestNG.runSuitesLocally(TestNG.java:1137)
	at org.testng.TestNG.runSuites(TestNG.java:1049)
	at org.testng.TestNG.run(TestNG.java:1017)
	at org.testng.TestNG.privateMain(TestNG.java:1354)
	at org.testng.TestNG.main(TestNG.java:1323)
</div></td></tr></table><p class="totop"><a href="#summary">back to summary</a></p>
<h3 id="m68">hust.cs.javacourse.search.index.DocumentBuilderTest#testTestBuild</h3><table class="result"><tr class="param"><th>Parameter #1</th><th>Parameter #2</th></tr><tr class="param stripe"><td>null</td><td>null</td></tr><tr><th colspan="2">Exception</th></tr><tr><td colspan="2"><div class="stacktrace">java.lang.NullPointerException
	at util.CustomComparator.isEqual(CustomComparator.java:27)
	at hust.cs.javacourse.search.index.DocumentBuilderTest.testTestBuild(DocumentBuilderTest.java:18)
	at java.base/jdk.internal.reflect.NativeMethodAccessorImpl.invoke0(Native Method)
	at java.base/jdk.internal.reflect.NativeMethodAccessorImpl.invoke(NativeMethodAccessorImpl.java:62)
	at java.base/jdk.internal.reflect.DelegatingMethodAccessorImpl.invoke(DelegatingMethodAccessorImpl.java:43)
	at java.base/java.lang.reflect.Method.invoke(Method.java:567)
	at org.testng.internal.MethodInvocationHelper.invokeMethod(MethodInvocationHelper.java:124)
	at org.testng.internal.Invoker.invokeMethod(Invoker.java:583)
	at org.testng.internal.Invoker.invokeTestMethod(Invoker.java:719)
	at org.testng.internal.Invoker.invokeTestMethods(Invoker.java:989)
	at org.testng.internal.TestMethodWorker.invokeTestMethods(TestMethodWorker.java:125)
	at org.testng.internal.TestMethodWorker.run(TestMethodWorker.java:109)
	at org.testng.TestRunner.privateRun(TestRunner.java:648)
	at org.testng.TestRunner.run(TestRunner.java:505)
	at org.testng.SuiteRunner.runTest(SuiteRunner.java:455)
	at org.testng.SuiteRunner.runSequentially(SuiteRunner.java:450)
	at org.testng.SuiteRunner.privateRun(SuiteRunner.java:415)
	at org.testng.SuiteRunner.run(SuiteRunner.java:364)
	at org.testng.SuiteRunnerWorker.runSuite(SuiteRunnerWorker.java:52)
	at org.testng.SuiteRunnerWorker.run(SuiteRunnerWorker.java:84)
	at org.testng.TestNG.runSuitesSequentially(TestNG.java:1208)
	at org.testng.TestNG.runSuitesLocally(TestNG.java:1137)
	at org.testng.TestNG.runSuites(TestNG.java:1049)
	at org.testng.TestNG.run(TestNG.java:1017)
	at org.testng.TestNG.privateMain(TestNG.java:1354)
	at org.testng.TestNG.main(TestNG.java:1323)
</div></td></tr></table><p class="totop"><a href="#summary">back to summary</a></p>
<h3 id="m69">hust.cs.javacourse.search.index.DocumentBuilderTest#testTestBuild</h3><table class="result"><tr class="param"><th>Parameter #1</th><th>Parameter #2</th></tr><tr class="param stripe"><td>null</td><td>null</td></tr><tr><th colspan="2">Exception</th></tr><tr><td colspan="2"><div class="stacktrace">java.lang.NullPointerException
	at util.CustomComparator.isEqual(CustomComparator.java:27)
	at hust.cs.javacourse.search.index.DocumentBuilderTest.testTestBuild(DocumentBuilderTest.java:18)
	at java.base/jdk.internal.reflect.NativeMethodAccessorImpl.invoke0(Native Method)
	at java.base/jdk.internal.reflect.NativeMethodAccessorImpl.invoke(NativeMethodAccessorImpl.java:62)
	at java.base/jdk.internal.reflect.DelegatingMethodAccessorImpl.invoke(DelegatingMethodAccessorImpl.java:43)
	at java.base/java.lang.reflect.Method.invoke(Method.java:567)
	at org.testng.internal.MethodInvocationHelper.invokeMethod(MethodInvocationHelper.java:124)
	at org.testng.internal.Invoker.invokeMethod(Invoker.java:583)
	at org.testng.internal.Invoker.invokeTestMethod(Invoker.java:719)
	at org.testng.internal.Invoker.invokeTestMethods(Invoker.java:989)
	at org.testng.internal.TestMethodWorker.invokeTestMethods(TestMethodWorker.java:125)
	at org.testng.internal.TestMethodWorker.run(TestMethodWorker.java:109)
	at org.testng.TestRunner.privateRun(TestRunner.java:648)
	at org.testng.TestRunner.run(TestRunner.java:505)
	at org.testng.SuiteRunner.runTest(SuiteRunner.java:455)
	at org.testng.SuiteRunner.runSequentially(SuiteRunner.java:450)
	at org.testng.SuiteRunner.privateRun(SuiteRunner.java:415)
	at org.testng.SuiteRunner.run(SuiteRunner.java:364)
	at org.testng.SuiteRunnerWorker.runSuite(SuiteRunnerWorker.java:52)
	at org.testng.SuiteRunnerWorker.run(SuiteRunnerWorker.java:84)
	at org.testng.TestNG.runSuitesSequentially(TestNG.java:1208)
	at org.testng.TestNG.runSuitesLocally(TestNG.java:1137)
	at org.testng.TestNG.runSuites(TestNG.java:1049)
	at org.testng.TestNG.run(TestNG.java:1017)
	at org.testng.TestNG.privateMain(TestNG.java:1354)
	at org.testng.TestNG.main(TestNG.java:1323)
</div></td></tr></table><p class="totop"><a href="#summary">back to summary</a></p>
<h2>D:/IdeaWorkspace/SeachEngine/test/hust/cs/javacourse/search/index/IndexTest.java</h2><h3 id="m70">hust.cs.javacourse.search.index.IndexTest#testGetDocName</h3><table class="result"><tr class="param"><th>Parameter #1</th><th>Parameter #2</th></tr><tr class="param stripe"><td>null</td><td>[1.txt, 2.txt, 3.txt]</td></tr><tr><th colspan="2">Exception</th></tr><tr><td colspan="2"><div class="stacktrace">java.lang.NullPointerException
	at hust.cs.javacourse.search.index.IndexTest.testGetDocName(IndexTest.java:105)
	at java.base/jdk.internal.reflect.NativeMethodAccessorImpl.invoke0(Native Method)
	at java.base/jdk.internal.reflect.NativeMethodAccessorImpl.invoke(NativeMethodAccessorImpl.java:62)
	at java.base/jdk.internal.reflect.DelegatingMethodAccessorImpl.invoke(DelegatingMethodAccessorImpl.java:43)
	at java.base/java.lang.reflect.Method.invoke(Method.java:567)
	at org.testng.internal.MethodInvocationHelper.invokeMethod(MethodInvocationHelper.java:124)
	at org.testng.internal.Invoker.invokeMethod(Invoker.java:583)
	at org.testng.internal.Invoker.invokeTestMethod(Invoker.java:719)
	at org.testng.internal.Invoker.invokeTestMethods(Invoker.java:989)
	at org.testng.internal.TestMethodWorker.invokeTestMethods(TestMethodWorker.java:125)
	at org.testng.internal.TestMethodWorker.run(TestMethodWorker.java:109)
	at org.testng.TestRunner.privateRun(TestRunner.java:648)
	at org.testng.TestRunner.run(TestRunner.java:505)
	at org.testng.SuiteRunner.runTest(SuiteRunner.java:455)
	at org.testng.SuiteRunner.runSequentially(SuiteRunner.java:450)
	at org.testng.SuiteRunner.privateRun(SuiteRunner.java:415)
	at org.testng.SuiteRunner.run(SuiteRunner.java:364)
	at org.testng.SuiteRunnerWorker.runSuite(SuiteRunnerWorker.java:52)
	at org.testng.SuiteRunnerWorker.run(SuiteRunnerWorker.java:84)
	at org.testng.TestNG.runSuitesSequentially(TestNG.java:1208)
	at org.testng.TestNG.runSuitesLocally(TestNG.java:1137)
	at org.testng.TestNG.runSuites(TestNG.java:1049)
	at org.testng.TestNG.run(TestNG.java:1017)
	at org.testng.TestNG.privateMain(TestNG.java:1354)
	at org.testng.TestNG.main(TestNG.java:1323)
</div></td></tr></table><p class="totop"><a href="#summary">back to summary</a></p>
<h3 id="m71">hust.cs.javacourse.search.index.IndexTest#testLoad</h3><table class="result"><tr class="param"><th>Parameter #1</th><th>Parameter #2</th></tr><tr class="param stripe"><td>null</td><td>C:/Users/dell/Desktop/%e5%ad%a6%e4%b9%a0/%e5%a4%a7%e4%b8%89%e4%b8%8b%e8%af%be%e7%a8%8b/java/%e5%ae%9e%e9%aa%8c/%e5%ae%9e%e9%aa%8c%e4%b8%80/test/test/config/..//index/index_1_2_3_txt.dat</td></tr><tr><th colspan="2">Exception</th></tr><tr><td colspan="2"><div class="stacktrace">java.lang.NullPointerException
	at hust.cs.javacourse.search.index.IndexTest.testLoad(IndexTest.java:39)
	at java.base/jdk.internal.reflect.NativeMethodAccessorImpl.invoke0(Native Method)
	at java.base/jdk.internal.reflect.NativeMethodAccessorImpl.invoke(NativeMethodAccessorImpl.java:62)
	at java.base/jdk.internal.reflect.DelegatingMethodAccessorImpl.invoke(DelegatingMethodAccessorImpl.java:43)
	at java.base/java.lang.reflect.Method.invoke(Method.java:567)
	at org.testng.internal.MethodInvocationHelper.invokeMethod(MethodInvocationHelper.java:124)
	at org.testng.internal.Invoker.invokeMethod(Invoker.java:583)
	at org.testng.internal.Invoker.invokeTestMethod(Invoker.java:719)
	at org.testng.internal.Invoker.invokeTestMethods(Invoker.java:989)
	at org.testng.internal.TestMethodWorker.invokeTestMethods(TestMethodWorker.java:125)
	at org.testng.internal.TestMethodWorker.run(TestMethodWorker.java:109)
	at org.testng.TestRunner.privateRun(TestRunner.java:648)
	at org.testng.TestRunner.run(TestRunner.java:505)
	at org.testng.SuiteRunner.runTest(SuiteRunner.java:455)
	at org.testng.SuiteRunner.runSequentially(SuiteRunner.java:450)
	at org.testng.SuiteRunner.privateRun(SuiteRunner.java:415)
	at org.testng.SuiteRunner.run(SuiteRunner.java:364)
	at org.testng.SuiteRunnerWorker.runSuite(SuiteRunnerWorker.java:52)
	at org.testng.SuiteRunnerWorker.run(SuiteRunnerWorker.java:84)
	at org.testng.TestNG.runSuitesSequentially(TestNG.java:1208)
	at org.testng.TestNG.runSuitesLocally(TestNG.java:1137)
	at org.testng.TestNG.runSuites(TestNG.java:1049)
	at org.testng.TestNG.run(TestNG.java:1017)
	at org.testng.TestNG.privateMain(TestNG.java:1354)
	at org.testng.TestNG.main(TestNG.java:1323)
</div></td></tr></table><p class="totop"><a href="#summary">back to summary</a></p>
<h3 id="m72">hust.cs.javacourse.search.index.IndexTest#testOptimize</h3><table class="result"><tr class="param"><th>Parameter #1</th><th>Parameter #2</th></tr><tr class="param stripe"><td>null</td><td>null</td></tr><tr><th colspan="2">Exception</th></tr><tr><td colspan="2"><div class="stacktrace">java.lang.NullPointerException
	at hust.cs.javacourse.search.index.IndexTest.testOptimize(IndexTest.java:99)
	at java.base/jdk.internal.reflect.NativeMethodAccessorImpl.invoke0(Native Method)
	at java.base/jdk.internal.reflect.NativeMethodAccessorImpl.invoke(NativeMethodAccessorImpl.java:62)
	at java.base/jdk.internal.reflect.DelegatingMethodAccessorImpl.invoke(DelegatingMethodAccessorImpl.java:43)
	at java.base/java.lang.reflect.Method.invoke(Method.java:567)
	at org.testng.internal.MethodInvocationHelper.invokeMethod(MethodInvocationHelper.java:124)
	at org.testng.internal.Invoker.invokeMethod(Invoker.java:583)
	at org.testng.internal.Invoker.invokeTestMethod(Invoker.java:719)
	at org.testng.internal.Invoker.invokeTestMethods(Invoker.java:989)
	at org.testng.internal.TestMethodWorker.invokeTestMethods(TestMethodWorker.java:125)
	at org.testng.internal.TestMethodWorker.run(TestMethodWorker.java:109)
	at org.testng.TestRunner.privateRun(TestRunner.java:648)
	at org.testng.TestRunner.run(TestRunner.java:505)
	at org.testng.SuiteRunner.runTest(SuiteRunner.java:455)
	at org.testng.SuiteRunner.runSequentially(SuiteRunner.java:450)
	at org.testng.SuiteRunner.privateRun(SuiteRunner.java:415)
	at org.testng.SuiteRunner.run(SuiteRunner.java:364)
	at org.testng.SuiteRunnerWorker.runSuite(SuiteRunnerWorker.java:52)
	at org.testng.SuiteRunnerWorker.run(SuiteRunnerWorker.java:84)
	at org.testng.TestNG.runSuitesSequentially(TestNG.java:1208)
	at org.testng.TestNG.runSuitesLocally(TestNG.java:1137)
	at org.testng.TestNG.runSuites(TestNG.java:1049)
	at org.testng.TestNG.run(TestNG.java:1017)
	at org.testng.TestNG.privateMain(TestNG.java:1354)
	at org.testng.TestNG.main(TestNG.java:1323)
</div></td></tr></table><p class="totop"><a href="#summary">back to summary</a></p>
<h3 id="m73">hust.cs.javacourse.search.index.IndexTest#testSave</h3><table class="result"><tr class="param"><th>Parameter #1</th><th>Parameter #2</th></tr><tr class="param stripe"><td>null</td><td>C:/Users/dell/Desktop/%e5%ad%a6%e4%b9%a0/%e5%a4%a7%e4%b8%89%e4%b8%8b%e8%af%be%e7%a8%8b/java/%e5%ae%9e%e9%aa%8c/%e5%ae%9e%e9%aa%8c%e4%b8%80/test/test/config/..//index/index_1_2_3_txt.dat</td></tr><tr><th colspan="2">Exception</th></tr><tr><td colspan="2"><div class="stacktrace">java.lang.NullPointerException
	at hust.cs.javacourse.search.index.IndexTest.testSave(IndexTest.java:48)
	at java.base/jdk.internal.reflect.NativeMethodAccessorImpl.invoke0(Native Method)
	at java.base/jdk.internal.reflect.NativeMethodAccessorImpl.invoke(NativeMethodAccessorImpl.java:62)
	at java.base/jdk.internal.reflect.DelegatingMethodAccessorImpl.invoke(DelegatingMethodAccessorImpl.java:43)
	at java.base/java.lang.reflect.Method.invoke(Method.java:567)
	at org.testng.internal.MethodInvocationHelper.invokeMethod(MethodInvocationHelper.java:124)
	at org.testng.internal.Invoker.invokeMethod(Invoker.java:583)
	at org.testng.internal.Invoker.invokeTestMethod(Invoker.java:719)
	at org.testng.internal.Invoker.invokeTestMethods(Invoker.java:989)
	at org.testng.internal.TestMethodWorker.invokeTestMethods(TestMethodWorker.java:125)
	at org.testng.internal.TestMethodWorker.run(TestMethodWorker.java:109)
	at org.testng.TestRunner.privateRun(TestRunner.java:648)
	at org.testng.TestRunner.run(TestRunner.java:505)
	at org.testng.SuiteRunner.runTest(SuiteRunner.java:455)
	at org.testng.SuiteRunner.runSequentially(SuiteRunner.java:450)
	at org.testng.SuiteRunner.privateRun(SuiteRunner.java:415)
	at org.testng.SuiteRunner.run(SuiteRunner.java:364)
	at org.testng.SuiteRunnerWorker.runSuite(SuiteRunnerWorker.java:52)
	at org.testng.SuiteRunnerWorker.run(SuiteRunnerWorker.java:84)
	at org.testng.TestNG.runSuitesSequentially(TestNG.java:1208)
	at org.testng.TestNG.runSuitesLocally(TestNG.java:1137)
	at org.testng.TestNG.runSuites(TestNG.java:1049)
	at org.testng.TestNG.run(TestNG.java:1017)
	at org.testng.TestNG.privateMain(TestNG.java:1354)
	at org.testng.TestNG.main(TestNG.java:1323)
</div></td></tr></table><p class="totop"><a href="#summary">back to summary</a></p>
<h3 id="m74">hust.cs.javacourse.search.index.IndexTest#testSearch</h3><table class="result"><tr class="param"><th>Parameter #1</th><th>Parameter #2</th></tr><tr class="param stripe"><td>null</td><td>null</td></tr><tr><th colspan="2">Exception</th></tr><tr><td colspan="2"><div class="stacktrace">java.lang.NullPointerException
	at hust.cs.javacourse.search.index.IndexTest.testSearch(IndexTest.java:57)
	at java.base/jdk.internal.reflect.NativeMethodAccessorImpl.invoke0(Native Method)
	at java.base/jdk.internal.reflect.NativeMethodAccessorImpl.invoke(NativeMethodAccessorImpl.java:62)
	at java.base/jdk.internal.reflect.DelegatingMethodAccessorImpl.invoke(DelegatingMethodAccessorImpl.java:43)
	at java.base/java.lang.reflect.Method.invoke(Method.java:567)
	at org.testng.internal.MethodInvocationHelper.invokeMethod(MethodInvocationHelper.java:124)
	at org.testng.internal.Invoker.invokeMethod(Invoker.java:583)
	at org.testng.internal.Invoker.invokeTestMethod(Invoker.java:719)
	at org.testng.internal.Invoker.invokeTestMethods(Invoker.java:989)
	at org.testng.internal.TestMethodWorker.invokeTestMethods(TestMethodWorker.java:125)
	at org.testng.internal.TestMethodWorker.run(TestMethodWorker.java:109)
	at org.testng.TestRunner.privateRun(TestRunner.java:648)
	at org.testng.TestRunner.run(TestRunner.java:505)
	at org.testng.SuiteRunner.runTest(SuiteRunner.java:455)
	at org.testng.SuiteRunner.runSequentially(SuiteRunner.java:450)
	at org.testng.SuiteRunner.privateRun(SuiteRunner.java:415)
	at org.testng.SuiteRunner.run(SuiteRunner.java:364)
	at org.testng.SuiteRunnerWorker.runSuite(SuiteRunnerWorker.java:52)
	at org.testng.SuiteRunnerWorker.run(SuiteRunnerWorker.java:84)
	at org.testng.TestNG.runSuitesSequentially(TestNG.java:1208)
	at org.testng.TestNG.runSuitesLocally(TestNG.java:1137)
	at org.testng.TestNG.runSuites(TestNG.java:1049)
	at org.testng.TestNG.run(TestNG.java:1017)
	at org.testng.TestNG.privateMain(TestNG.java:1354)
	at org.testng.TestNG.main(TestNG.java:1323)
</div></td></tr></table><p class="totop"><a href="#summary">back to summary</a></p>
<h3 id="m75">hust.cs.javacourse.search.index.IndexTest#testAddDocument</h3><table class="result"><tr><th>Exception</th></tr><tr><td><div class="stacktrace">java.lang.RuntimeException: java.lang.NullPointerException
	at org.testng.internal.MethodInvocationHelper.invokeMethodNoCheckedException(MethodInvocationHelper.java:49)
	at org.testng.internal.MethodInvocationHelper.invokeDataProvider(MethodInvocationHelper.java:131)
	at org.testng.internal.Parameters.handleParameters(Parameters.java:706)
	at org.testng.internal.ParameterHandler.handleParameters(ParameterHandler.java:49)
	at org.testng.internal.ParameterHandler.createParameters(ParameterHandler.java:37)
	at org.testng.internal.Invoker.invokeTestMethods(Invoker.java:924)
	at org.testng.internal.TestMethodWorker.invokeTestMethods(TestMethodWorker.java:125)
	at org.testng.internal.TestMethodWorker.run(TestMethodWorker.java:109)
	at org.testng.TestRunner.privateRun(TestRunner.java:648)
	at org.testng.TestRunner.run(TestRunner.java:505)
	at org.testng.SuiteRunner.runTest(SuiteRunner.java:455)
	at org.testng.SuiteRunner.runSequentially(SuiteRunner.java:450)
	at org.testng.SuiteRunner.privateRun(SuiteRunner.java:415)
	at org.testng.SuiteRunner.run(SuiteRunner.java:364)
	at org.testng.SuiteRunnerWorker.runSuite(SuiteRunnerWorker.java:52)
	at org.testng.SuiteRunnerWorker.run(SuiteRunnerWorker.java:84)
	at org.testng.TestNG.runSuitesSequentially(TestNG.java:1208)
	at org.testng.TestNG.runSuitesLocally(TestNG.java:1137)
	at org.testng.TestNG.runSuites(TestNG.java:1049)
	at org.testng.TestNG.run(TestNG.java:1017)
	at org.testng.TestNG.privateMain(TestNG.java:1354)
	at org.testng.TestNG.main(TestNG.java:1323)
Caused by: java.lang.NullPointerException
	at hust.cs.javacourse.search.index.IndexTestCase.buildAddDocumentTestCase(IndexTestCase.java:99)
	at hust.cs.javacourse.search.index.IndexTestDataProvider.testIndex(IndexTestDataProvider.java:17)
	at java.base/jdk.internal.reflect.NativeMethodAccessorImpl.invoke0(Native Method)
	at java.base/jdk.internal.reflect.NativeMethodAccessorImpl.invoke(NativeMethodAccessorImpl.java:62)
	at java.base/jdk.internal.reflect.DelegatingMethodAccessorImpl.invoke(DelegatingMethodAccessorImpl.java:43)
	at java.base/java.lang.reflect.Method.invoke(Method.java:567)
	at org.testng.internal.MethodInvocationHelper.invokeMethod(MethodInvocationHelper.java:124)
	at org.testng.internal.MethodInvocationHelper.invokeMethod(MethodInvocationHelper.java:74)
	at org.testng.internal.MethodInvocationHelper.invokeMethodNoCheckedException(MethodInvocationHelper.java:45)
	... 21 more
</div></td></tr></table><p class="totop"><a href="#summary">back to summary</a></p>
<h3 id="m76">hust.cs.javacourse.search.index.IndexTest#testGetDictionary</h3><table class="result"><tr><th>Exception</th></tr><tr><td><div class="stacktrace">java.lang.RuntimeException: java.lang.NullPointerException
	at org.testng.internal.MethodInvocationHelper.invokeMethodNoCheckedException(MethodInvocationHelper.java:49)
	at org.testng.internal.MethodInvocationHelper.invokeDataProvider(MethodInvocationHelper.java:131)
	at org.testng.internal.Parameters.handleParameters(Parameters.java:706)
	at org.testng.internal.ParameterHandler.handleParameters(ParameterHandler.java:49)
	at org.testng.internal.ParameterHandler.createParameters(ParameterHandler.java:37)
	at org.testng.internal.Invoker.invokeTestMethods(Invoker.java:924)
	at org.testng.internal.TestMethodWorker.invokeTestMethods(TestMethodWorker.java:125)
	at org.testng.internal.TestMethodWorker.run(TestMethodWorker.java:109)
	at org.testng.TestRunner.privateRun(TestRunner.java:648)
	at org.testng.TestRunner.run(TestRunner.java:505)
	at org.testng.SuiteRunner.runTest(SuiteRunner.java:455)
	at org.testng.SuiteRunner.runSequentially(SuiteRunner.java:450)
	at org.testng.SuiteRunner.privateRun(SuiteRunner.java:415)
	at org.testng.SuiteRunner.run(SuiteRunner.java:364)
	at org.testng.SuiteRunnerWorker.runSuite(SuiteRunnerWorker.java:52)
	at org.testng.SuiteRunnerWorker.run(SuiteRunnerWorker.java:84)
	at org.testng.TestNG.runSuitesSequentially(TestNG.java:1208)
	at org.testng.TestNG.runSuitesLocally(TestNG.java:1137)
	at org.testng.TestNG.runSuites(TestNG.java:1049)
	at org.testng.TestNG.run(TestNG.java:1017)
	at org.testng.TestNG.privateMain(TestNG.java:1354)
	at org.testng.TestNG.main(TestNG.java:1323)
Caused by: java.lang.NullPointerException
	at hust.cs.javacourse.search.index.IndexTestCase.buildGetDictionaryTestCase(IndexTestCase.java:75)
	at hust.cs.javacourse.search.index.IndexTestDataProvider.testIndex(IndexTestDataProvider.java:29)
	at java.base/jdk.internal.reflect.NativeMethodAccessorImpl.invoke0(Native Method)
	at java.base/jdk.internal.reflect.NativeMethodAccessorImpl.invoke(NativeMethodAccessorImpl.java:62)
	at java.base/jdk.internal.reflect.DelegatingMethodAccessorImpl.invoke(DelegatingMethodAccessorImpl.java:43)
	at java.base/java.lang.reflect.Method.invoke(Method.java:567)
	at org.testng.internal.MethodInvocationHelper.invokeMethod(MethodInvocationHelper.java:124)
	at org.testng.internal.MethodInvocationHelper.invokeMethod(MethodInvocationHelper.java:74)
	at org.testng.internal.MethodInvocationHelper.invokeMethodNoCheckedException(MethodInvocationHelper.java:45)
	... 21 more
</div></td></tr></table><p class="totop"><a href="#summary">back to summary</a></p>
<h3 id="m77">hust.cs.javacourse.search.index.IndexTest#testTestToString</h3><table class="result"><tr><th>Exception</th></tr><tr><td><div class="stacktrace">java.lang.RuntimeException: java.lang.NullPointerException
	at org.testng.internal.MethodInvocationHelper.invokeMethodNoCheckedException(MethodInvocationHelper.java:49)
	at org.testng.internal.MethodInvocationHelper.invokeDataProvider(MethodInvocationHelper.java:131)
	at org.testng.internal.Parameters.handleParameters(Parameters.java:706)
	at org.testng.internal.ParameterHandler.handleParameters(ParameterHandler.java:49)
	at org.testng.internal.ParameterHandler.createParameters(ParameterHandler.java:37)
	at org.testng.internal.Invoker.invokeTestMethods(Invoker.java:924)
	at org.testng.internal.TestMethodWorker.invokeTestMethods(TestMethodWorker.java:125)
	at org.testng.internal.TestMethodWorker.run(TestMethodWorker.java:109)
	at org.testng.TestRunner.privateRun(TestRunner.java:648)
	at org.testng.TestRunner.run(TestRunner.java:505)
	at org.testng.SuiteRunner.runTest(SuiteRunner.java:455)
	at org.testng.SuiteRunner.runSequentially(SuiteRunner.java:450)
	at org.testng.SuiteRunner.privateRun(SuiteRunner.java:415)
	at org.testng.SuiteRunner.run(SuiteRunner.java:364)
	at org.testng.SuiteRunnerWorker.runSuite(SuiteRunnerWorker.java:52)
	at org.testng.SuiteRunnerWorker.run(SuiteRunnerWorker.java:84)
	at org.testng.TestNG.runSuitesSequentially(TestNG.java:1208)
	at org.testng.TestNG.runSuitesLocally(TestNG.java:1137)
	at org.testng.TestNG.runSuites(TestNG.java:1049)
	at org.testng.TestNG.run(TestNG.java:1017)
	at org.testng.TestNG.privateMain(TestNG.java:1354)
	at org.testng.TestNG.main(TestNG.java:1323)
Caused by: java.lang.NullPointerException
	at hust.cs.javacourse.search.index.IndexTestCase.buildToStringTestCase(IndexTestCase.java:59)
	at hust.cs.javacourse.search.index.IndexTestDataProvider.testIndex(IndexTestDataProvider.java:14)
	at java.base/jdk.internal.reflect.NativeMethodAccessorImpl.invoke0(Native Method)
	at java.base/jdk.internal.reflect.NativeMethodAccessorImpl.invoke(NativeMethodAccessorImpl.java:62)
	at java.base/jdk.internal.reflect.DelegatingMethodAccessorImpl.invoke(DelegatingMethodAccessorImpl.java:43)
	at java.base/java.lang.reflect.Method.invoke(Method.java:567)
	at org.testng.internal.MethodInvocationHelper.invokeMethod(MethodInvocationHelper.java:124)
	at org.testng.internal.MethodInvocationHelper.invokeMethod(MethodInvocationHelper.java:74)
	at org.testng.internal.MethodInvocationHelper.invokeMethodNoCheckedException(MethodInvocationHelper.java:45)
	... 21 more
</div></td></tr></table><p class="totop"><a href="#summary">back to summary</a></p>
<h3 id="m78">hust.cs.javacourse.search.index.IndexTest#testReadObject</h3><table class="result"><tr class="param"><th>Parameter #1</th><th>Parameter #2</th></tr><tr class="param stripe"><td>null</td><td>C:/Users/dell/Desktop/%e5%ad%a6%e4%b9%a0/%e5%a4%a7%e4%b8%89%e4%b8%8b%e8%af%be%e7%a8%8b/java/%e5%ae%9e%e9%aa%8c/%e5%ae%9e%e9%aa%8c%e4%b8%80/test/test/config/..//index/index_1_2_3_txt.dat</td></tr></table><p class="totop"><a href="#summary">back to summary</a></p>
<h3 id="m79">hust.cs.javacourse.search.index.IndexTest#testWriteObject</h3><table class="result"><tr class="param"><th>Parameter #1</th><th>Parameter #2</th></tr><tr class="param stripe"><td>null</td><td>C:/Users/dell/Desktop/%e5%ad%a6%e4%b9%a0/%e5%a4%a7%e4%b8%89%e4%b8%8b%e8%af%be%e7%a8%8b/java/%e5%ae%9e%e9%aa%8c/%e5%ae%9e%e9%aa%8c%e4%b8%80/test/test/config/..//index/index_1_2_3_txt.dat</td></tr></table><p class="totop"><a href="#summary">back to summary</a></p>
<h2>D:/IdeaWorkspace/SeachEngine/test/hust/cs/javacourse/search/index/IndexBuilderTest.java</h2><h3 id="m80">hust.cs.javacourse.search.index.IndexBuilderTest#testBuildIndex</h3><table class="result"><tr class="param"><th>Parameter #1</th><th>Parameter #2</th></tr><tr class="param stripe"><td>Index{docIdToDocPathMapping={
}, termToPostingListMapping={
}</td><td>null</td></tr><tr><th colspan="2">Exception</th></tr><tr><td colspan="2"><div class="stacktrace">java.lang.NullPointerException
	at util.CustomComparator.isEqual(CustomComparator.java:44)
	at hust.cs.javacourse.search.index.IndexBuilderTest.testBuildIndex(IndexBuilderTest.java:13)
	at java.base/jdk.internal.reflect.NativeMethodAccessorImpl.invoke0(Native Method)
	at java.base/jdk.internal.reflect.NativeMethodAccessorImpl.invoke(NativeMethodAccessorImpl.java:62)
	at java.base/jdk.internal.reflect.DelegatingMethodAccessorImpl.invoke(DelegatingMethodAccessorImpl.java:43)
	at java.base/java.lang.reflect.Method.invoke(Method.java:567)
	at org.testng.internal.MethodInvocationHelper.invokeMethod(MethodInvocationHelper.java:124)
	at org.testng.internal.Invoker.invokeMethod(Invoker.java:583)
	at org.testng.internal.Invoker.invokeTestMethod(Invoker.java:719)
	at org.testng.internal.Invoker.invokeTestMethods(Invoker.java:989)
	at org.testng.internal.TestMethodWorker.invokeTestMethods(TestMethodWorker.java:125)
	at org.testng.internal.TestMethodWorker.run(TestMethodWorker.java:109)
	at org.testng.TestRunner.privateRun(TestRunner.java:648)
	at org.testng.TestRunner.run(TestRunner.java:505)
	at org.testng.SuiteRunner.runTest(SuiteRunner.java:455)
	at org.testng.SuiteRunner.runSequentially(SuiteRunner.java:450)
	at org.testng.SuiteRunner.privateRun(SuiteRunner.java:415)
	at org.testng.SuiteRunner.run(SuiteRunner.java:364)
	at org.testng.SuiteRunnerWorker.runSuite(SuiteRunnerWorker.java:52)
	at org.testng.SuiteRunnerWorker.run(SuiteRunnerWorker.java:84)
	at org.testng.TestNG.runSuitesSequentially(TestNG.java:1208)
	at org.testng.TestNG.runSuitesLocally(TestNG.java:1137)
	at org.testng.TestNG.runSuites(TestNG.java:1049)
	at org.testng.TestNG.run(TestNG.java:1017)
	at org.testng.TestNG.privateMain(TestNG.java:1354)
	at org.testng.TestNG.main(TestNG.java:1323)
</div></td></tr></table><p class="totop"><a href="#summary">back to summary</a></p>
<h2>D:/IdeaWorkspace/SeachEngine/test/hust/cs/javacourse/search/query/HitTest.java</h2><h3 id="m81">hust.cs.javacourse.search.query.HitTest#testCompareTo</h3><table class="result"><tr><th>Exception</th></tr><tr><td><div class="stacktrace">java.lang.RuntimeException: java.lang.NullPointerException
	at org.testng.internal.MethodInvocationHelper.invokeMethodNoCheckedException(MethodInvocationHelper.java:49)
	at org.testng.internal.MethodInvocationHelper.invokeDataProvider(MethodInvocationHelper.java:131)
	at org.testng.internal.Parameters.handleParameters(Parameters.java:706)
	at org.testng.internal.ParameterHandler.handleParameters(ParameterHandler.java:49)
	at org.testng.internal.ParameterHandler.createParameters(ParameterHandler.java:37)
	at org.testng.internal.Invoker.invokeTestMethods(Invoker.java:924)
	at org.testng.internal.TestMethodWorker.invokeTestMethods(TestMethodWorker.java:125)
	at org.testng.internal.TestMethodWorker.run(TestMethodWorker.java:109)
	at org.testng.TestRunner.privateRun(TestRunner.java:648)
	at org.testng.TestRunner.run(TestRunner.java:505)
	at org.testng.SuiteRunner.runTest(SuiteRunner.java:455)
	at org.testng.SuiteRunner.runSequentially(SuiteRunner.java:450)
	at org.testng.SuiteRunner.privateRun(SuiteRunner.java:415)
	at org.testng.SuiteRunner.run(SuiteRunner.java:364)
	at org.testng.SuiteRunnerWorker.runSuite(SuiteRunnerWorker.java:52)
	at org.testng.SuiteRunnerWorker.run(SuiteRunnerWorker.java:84)
	at org.testng.TestNG.runSuitesSequentially(TestNG.java:1208)
	at org.testng.TestNG.runSuitesLocally(TestNG.java:1137)
	at org.testng.TestNG.runSuites(TestNG.java:1049)
	at org.testng.TestNG.run(TestNG.java:1017)
	at org.testng.TestNG.privateMain(TestNG.java:1354)
	at org.testng.TestNG.main(TestNG.java:1323)
Caused by: java.lang.NullPointerException
	at hust.cs.javacourse.search.query.HitTestCase.buildCompareToSTestCase(HitTestCase.java:117)
	at hust.cs.javacourse.search.query.HitTestDataProvider.testHit(HitTestDataProvider.java:38)
	at java.base/jdk.internal.reflect.NativeMethodAccessorImpl.invoke0(Native Method)
	at java.base/jdk.internal.reflect.NativeMethodAccessorImpl.invoke(NativeMethodAccessorImpl.java:62)
	at java.base/jdk.internal.reflect.DelegatingMethodAccessorImpl.invoke(DelegatingMethodAccessorImpl.java:43)
	at java.base/java.lang.reflect.Method.invoke(Method.java:567)
	at org.testng.internal.MethodInvocationHelper.invokeMethod(MethodInvocationHelper.java:124)
	at org.testng.internal.MethodInvocationHelper.invokeMethod(MethodInvocationHelper.java:74)
	at org.testng.internal.MethodInvocationHelper.invokeMethodNoCheckedException(MethodInvocationHelper.java:45)
	... 21 more
</div></td></tr></table><p class="totop"><a href="#summary">back to summary</a></p>
<h3 id="m82">hust.cs.javacourse.search.query.HitTest#testGetContent</h3><table class="result"><tr><th>Exception</th></tr><tr><td><div class="stacktrace">java.lang.RuntimeException: java.lang.NullPointerException
	at org.testng.internal.MethodInvocationHelper.invokeMethodNoCheckedException(MethodInvocationHelper.java:49)
	at org.testng.internal.MethodInvocationHelper.invokeDataProvider(MethodInvocationHelper.java:131)
	at org.testng.internal.Parameters.handleParameters(Parameters.java:706)
	at org.testng.internal.ParameterHandler.handleParameters(ParameterHandler.java:49)
	at org.testng.internal.ParameterHandler.createParameters(ParameterHandler.java:37)
	at org.testng.internal.Invoker.invokeTestMethods(Invoker.java:924)
	at org.testng.internal.TestMethodWorker.invokeTestMethods(TestMethodWorker.java:125)
	at org.testng.internal.TestMethodWorker.run(TestMethodWorker.java:109)
	at org.testng.TestRunner.privateRun(TestRunner.java:648)
	at org.testng.TestRunner.run(TestRunner.java:505)
	at org.testng.SuiteRunner.runTest(SuiteRunner.java:455)
	at org.testng.SuiteRunner.runSequentially(SuiteRunner.java:450)
	at org.testng.SuiteRunner.privateRun(SuiteRunner.java:415)
	at org.testng.SuiteRunner.run(SuiteRunner.java:364)
	at org.testng.SuiteRunnerWorker.runSuite(SuiteRunnerWorker.java:52)
	at org.testng.SuiteRunnerWorker.run(SuiteRunnerWorker.java:84)
	at org.testng.TestNG.runSuitesSequentially(TestNG.java:1208)
	at org.testng.TestNG.runSuitesLocally(TestNG.java:1137)
	at org.testng.TestNG.runSuites(TestNG.java:1049)
	at org.testng.TestNG.run(TestNG.java:1017)
	at org.testng.TestNG.privateMain(TestNG.java:1354)
	at org.testng.TestNG.main(TestNG.java:1323)
Caused by: java.lang.NullPointerException
	at hust.cs.javacourse.search.query.HitTestCase.buildGetContentTestCase(HitTestCase.java:43)
	at hust.cs.javacourse.search.query.HitTestDataProvider.testHit(HitTestDataProvider.java:20)
	at java.base/jdk.internal.reflect.NativeMethodAccessorImpl.invoke0(Native Method)
	at java.base/jdk.internal.reflect.NativeMethodAccessorImpl.invoke(NativeMethodAccessorImpl.java:62)
	at java.base/jdk.internal.reflect.DelegatingMethodAccessorImpl.invoke(DelegatingMethodAccessorImpl.java:43)
	at java.base/java.lang.reflect.Method.invoke(Method.java:567)
	at org.testng.internal.MethodInvocationHelper.invokeMethod(MethodInvocationHelper.java:124)
	at org.testng.internal.MethodInvocationHelper.invokeMethod(MethodInvocationHelper.java:74)
	at org.testng.internal.MethodInvocationHelper.invokeMethodNoCheckedException(MethodInvocationHelper.java:45)
	... 21 more
</div></td></tr></table><p class="totop"><a href="#summary">back to summary</a></p>
<h3 id="m83">hust.cs.javacourse.search.query.HitTest#testGetDocId</h3><table class="result"><tr><th>Exception</th></tr><tr><td><div class="stacktrace">java.lang.RuntimeException: java.lang.NullPointerException
	at org.testng.internal.MethodInvocationHelper.invokeMethodNoCheckedException(MethodInvocationHelper.java:49)
	at org.testng.internal.MethodInvocationHelper.invokeDataProvider(MethodInvocationHelper.java:131)
	at org.testng.internal.Parameters.handleParameters(Parameters.java:706)
	at org.testng.internal.ParameterHandler.handleParameters(ParameterHandler.java:49)
	at org.testng.internal.ParameterHandler.createParameters(ParameterHandler.java:37)
	at org.testng.internal.Invoker.invokeTestMethods(Invoker.java:924)
	at org.testng.internal.TestMethodWorker.invokeTestMethods(TestMethodWorker.java:125)
	at org.testng.internal.TestMethodWorker.run(TestMethodWorker.java:109)
	at org.testng.TestRunner.privateRun(TestRunner.java:648)
	at org.testng.TestRunner.run(TestRunner.java:505)
	at org.testng.SuiteRunner.runTest(SuiteRunner.java:455)
	at org.testng.SuiteRunner.runSequentially(SuiteRunner.java:450)
	at org.testng.SuiteRunner.privateRun(SuiteRunner.java:415)
	at org.testng.SuiteRunner.run(SuiteRunner.java:364)
	at org.testng.SuiteRunnerWorker.runSuite(SuiteRunnerWorker.java:52)
	at org.testng.SuiteRunnerWorker.run(SuiteRunnerWorker.java:84)
	at org.testng.TestNG.runSuitesSequentially(TestNG.java:1208)
	at org.testng.TestNG.runSuitesLocally(TestNG.java:1137)
	at org.testng.TestNG.runSuites(TestNG.java:1049)
	at org.testng.TestNG.run(TestNG.java:1017)
	at org.testng.TestNG.privateMain(TestNG.java:1354)
	at org.testng.TestNG.main(TestNG.java:1323)
Caused by: java.lang.NullPointerException
	at hust.cs.javacourse.search.query.HitTestCase.buildGetDocIdTestCase(HitTestCase.java:21)
	at hust.cs.javacourse.search.query.HitTestDataProvider.testHit(HitTestDataProvider.java:14)
	at java.base/jdk.internal.reflect.NativeMethodAccessorImpl.invoke0(Native Method)
	at java.base/jdk.internal.reflect.NativeMethodAccessorImpl.invoke(NativeMethodAccessorImpl.java:62)
	at java.base/jdk.internal.reflect.DelegatingMethodAccessorImpl.invoke(DelegatingMethodAccessorImpl.java:43)
	at java.base/java.lang.reflect.Method.invoke(Method.java:567)
	at org.testng.internal.MethodInvocationHelper.invokeMethod(MethodInvocationHelper.java:124)
	at org.testng.internal.MethodInvocationHelper.invokeMethod(MethodInvocationHelper.java:74)
	at org.testng.internal.MethodInvocationHelper.invokeMethodNoCheckedException(MethodInvocationHelper.java:45)
	... 21 more
</div></td></tr></table><p class="totop"><a href="#summary">back to summary</a></p>
<h3 id="m84">hust.cs.javacourse.search.query.HitTest#testGetDocPath</h3><table class="result"><tr><th>Exception</th></tr><tr><td><div class="stacktrace">java.lang.RuntimeException: java.lang.NullPointerException
	at org.testng.internal.MethodInvocationHelper.invokeMethodNoCheckedException(MethodInvocationHelper.java:49)
	at org.testng.internal.MethodInvocationHelper.invokeDataProvider(MethodInvocationHelper.java:131)
	at org.testng.internal.Parameters.handleParameters(Parameters.java:706)
	at org.testng.internal.ParameterHandler.handleParameters(ParameterHandler.java:49)
	at org.testng.internal.ParameterHandler.createParameters(ParameterHandler.java:37)
	at org.testng.internal.Invoker.invokeTestMethods(Invoker.java:924)
	at org.testng.internal.TestMethodWorker.invokeTestMethods(TestMethodWorker.java:125)
	at org.testng.internal.TestMethodWorker.run(TestMethodWorker.java:109)
	at org.testng.TestRunner.privateRun(TestRunner.java:648)
	at org.testng.TestRunner.run(TestRunner.java:505)
	at org.testng.SuiteRunner.runTest(SuiteRunner.java:455)
	at org.testng.SuiteRunner.runSequentially(SuiteRunner.java:450)
	at org.testng.SuiteRunner.privateRun(SuiteRunner.java:415)
	at org.testng.SuiteRunner.run(SuiteRunner.java:364)
	at org.testng.SuiteRunnerWorker.runSuite(SuiteRunnerWorker.java:52)
	at org.testng.SuiteRunnerWorker.run(SuiteRunnerWorker.java:84)
	at org.testng.TestNG.runSuitesSequentially(TestNG.java:1208)
	at org.testng.TestNG.runSuitesLocally(TestNG.java:1137)
	at org.testng.TestNG.runSuites(TestNG.java:1049)
	at org.testng.TestNG.run(TestNG.java:1017)
	at org.testng.TestNG.privateMain(TestNG.java:1354)
	at org.testng.TestNG.main(TestNG.java:1323)
Caused by: java.lang.NullPointerException
	at hust.cs.javacourse.search.query.HitTestCase.buildGetDocPathTestCase(HitTestCase.java:32)
	at hust.cs.javacourse.search.query.HitTestDataProvider.testHit(HitTestDataProvider.java:17)
	at java.base/jdk.internal.reflect.NativeMethodAccessorImpl.invoke0(Native Method)
	at java.base/jdk.internal.reflect.NativeMethodAccessorImpl.invoke(NativeMethodAccessorImpl.java:62)
	at java.base/jdk.internal.reflect.DelegatingMethodAccessorImpl.invoke(DelegatingMethodAccessorImpl.java:43)
	at java.base/java.lang.reflect.Method.invoke(Method.java:567)
	at org.testng.internal.MethodInvocationHelper.invokeMethod(MethodInvocationHelper.java:124)
	at org.testng.internal.MethodInvocationHelper.invokeMethod(MethodInvocationHelper.java:74)
	at org.testng.internal.MethodInvocationHelper.invokeMethodNoCheckedException(MethodInvocationHelper.java:45)
	... 21 more
</div></td></tr></table><p class="totop"><a href="#summary">back to summary</a></p>
<h3 id="m85">hust.cs.javacourse.search.query.HitTest#testGetScore</h3><table class="result"><tr><th>Exception</th></tr><tr><td><div class="stacktrace">java.lang.RuntimeException: java.lang.NullPointerException
	at org.testng.internal.MethodInvocationHelper.invokeMethodNoCheckedException(MethodInvocationHelper.java:49)
	at org.testng.internal.MethodInvocationHelper.invokeDataProvider(MethodInvocationHelper.java:131)
	at org.testng.internal.Parameters.handleParameters(Parameters.java:706)
	at org.testng.internal.ParameterHandler.handleParameters(ParameterHandler.java:49)
	at org.testng.internal.ParameterHandler.createParameters(ParameterHandler.java:37)
	at org.testng.internal.Invoker.invokeTestMethods(Invoker.java:924)
	at org.testng.internal.TestMethodWorker.invokeTestMethods(TestMethodWorker.java:125)
	at org.testng.internal.TestMethodWorker.run(TestMethodWorker.java:109)
	at org.testng.TestRunner.privateRun(TestRunner.java:648)
	at org.testng.TestRunner.run(TestRunner.java:505)
	at org.testng.SuiteRunner.runTest(SuiteRunner.java:455)
	at org.testng.SuiteRunner.runSequentially(SuiteRunner.java:450)
	at org.testng.SuiteRunner.privateRun(SuiteRunner.java:415)
	at org.testng.SuiteRunner.run(SuiteRunner.java:364)
	at org.testng.SuiteRunnerWorker.runSuite(SuiteRunnerWorker.java:52)
	at org.testng.SuiteRunnerWorker.run(SuiteRunnerWorker.java:84)
	at org.testng.TestNG.runSuitesSequentially(TestNG.java:1208)
	at org.testng.TestNG.runSuitesLocally(TestNG.java:1137)
	at org.testng.TestNG.runSuites(TestNG.java:1049)
	at org.testng.TestNG.run(TestNG.java:1017)
	at org.testng.TestNG.privateMain(TestNG.java:1354)
	at org.testng.TestNG.main(TestNG.java:1323)
Caused by: java.lang.NullPointerException
	at hust.cs.javacourse.search.query.HitTestCase.buildGetScoreTestCase(HitTestCase.java:65)
	at hust.cs.javacourse.search.query.HitTestDataProvider.testHit(HitTestDataProvider.java:26)
	at java.base/jdk.internal.reflect.NativeMethodAccessorImpl.invoke0(Native Method)
	at java.base/jdk.internal.reflect.NativeMethodAccessorImpl.invoke(NativeMethodAccessorImpl.java:62)
	at java.base/jdk.internal.reflect.DelegatingMethodAccessorImpl.invoke(DelegatingMethodAccessorImpl.java:43)
	at java.base/java.lang.reflect.Method.invoke(Method.java:567)
	at org.testng.internal.MethodInvocationHelper.invokeMethod(MethodInvocationHelper.java:124)
	at org.testng.internal.MethodInvocationHelper.invokeMethod(MethodInvocationHelper.java:74)
	at org.testng.internal.MethodInvocationHelper.invokeMethodNoCheckedException(MethodInvocationHelper.java:45)
	... 21 more
</div></td></tr></table><p class="totop"><a href="#summary">back to summary</a></p>
<h3 id="m86">hust.cs.javacourse.search.query.HitTest#testGetTermPostingMapping</h3><table class="result"><tr><th>Exception</th></tr><tr><td><div class="stacktrace">java.lang.RuntimeException: java.lang.NullPointerException
	at org.testng.internal.MethodInvocationHelper.invokeMethodNoCheckedException(MethodInvocationHelper.java:49)
	at org.testng.internal.MethodInvocationHelper.invokeDataProvider(MethodInvocationHelper.java:131)
	at org.testng.internal.Parameters.handleParameters(Parameters.java:706)
	at org.testng.internal.ParameterHandler.handleParameters(ParameterHandler.java:49)
	at org.testng.internal.ParameterHandler.createParameters(ParameterHandler.java:37)
	at org.testng.internal.Invoker.invokeTestMethods(Invoker.java:924)
	at org.testng.internal.TestMethodWorker.invokeTestMethods(TestMethodWorker.java:125)
	at org.testng.internal.TestMethodWorker.run(TestMethodWorker.java:109)
	at org.testng.TestRunner.privateRun(TestRunner.java:648)
	at org.testng.TestRunner.run(TestRunner.java:505)
	at org.testng.SuiteRunner.runTest(SuiteRunner.java:455)
	at org.testng.SuiteRunner.runSequentially(SuiteRunner.java:450)
	at org.testng.SuiteRunner.privateRun(SuiteRunner.java:415)
	at org.testng.SuiteRunner.run(SuiteRunner.java:364)
	at org.testng.SuiteRunnerWorker.runSuite(SuiteRunnerWorker.java:52)
	at org.testng.SuiteRunnerWorker.run(SuiteRunnerWorker.java:84)
	at org.testng.TestNG.runSuitesSequentially(TestNG.java:1208)
	at org.testng.TestNG.runSuitesLocally(TestNG.java:1137)
	at org.testng.TestNG.runSuites(TestNG.java:1049)
	at org.testng.TestNG.run(TestNG.java:1017)
	at org.testng.TestNG.privateMain(TestNG.java:1354)
	at org.testng.TestNG.main(TestNG.java:1323)
Caused by: java.lang.NullPointerException
	at hust.cs.javacourse.search.query.HitTestCase.buildGetTermPostingMappingTestCase(HitTestCase.java:87)
	at hust.cs.javacourse.search.query.HitTestDataProvider.testHit(HitTestDataProvider.java:32)
	at java.base/jdk.internal.reflect.NativeMethodAccessorImpl.invoke0(Native Method)
	at java.base/jdk.internal.reflect.NativeMethodAccessorImpl.invoke(NativeMethodAccessorImpl.java:62)
	at java.base/jdk.internal.reflect.DelegatingMethodAccessorImpl.invoke(DelegatingMethodAccessorImpl.java:43)
	at java.base/java.lang.reflect.Method.invoke(Method.java:567)
	at org.testng.internal.MethodInvocationHelper.invokeMethod(MethodInvocationHelper.java:124)
	at org.testng.internal.MethodInvocationHelper.invokeMethod(MethodInvocationHelper.java:74)
	at org.testng.internal.MethodInvocationHelper.invokeMethodNoCheckedException(MethodInvocationHelper.java:45)
	... 21 more
</div></td></tr></table><p class="totop"><a href="#summary">back to summary</a></p>
<h3 id="m87">hust.cs.javacourse.search.query.HitTest#testSetContent</h3><table class="result"><tr><th>Exception</th></tr><tr><td><div class="stacktrace">java.lang.RuntimeException: java.lang.NullPointerException
	at org.testng.internal.MethodInvocationHelper.invokeMethodNoCheckedException(MethodInvocationHelper.java:49)
	at org.testng.internal.MethodInvocationHelper.invokeDataProvider(MethodInvocationHelper.java:131)
	at org.testng.internal.Parameters.handleParameters(Parameters.java:706)
	at org.testng.internal.ParameterHandler.handleParameters(ParameterHandler.java:49)
	at org.testng.internal.ParameterHandler.createParameters(ParameterHandler.java:37)
	at org.testng.internal.Invoker.invokeTestMethods(Invoker.java:924)
	at org.testng.internal.TestMethodWorker.invokeTestMethods(TestMethodWorker.java:125)
	at org.testng.internal.TestMethodWorker.run(TestMethodWorker.java:109)
	at org.testng.TestRunner.privateRun(TestRunner.java:648)
	at org.testng.TestRunner.run(TestRunner.java:505)
	at org.testng.SuiteRunner.runTest(SuiteRunner.java:455)
	at org.testng.SuiteRunner.runSequentially(SuiteRunner.java:450)
	at org.testng.SuiteRunner.privateRun(SuiteRunner.java:415)
	at org.testng.SuiteRunner.run(SuiteRunner.java:364)
	at org.testng.SuiteRunnerWorker.runSuite(SuiteRunnerWorker.java:52)
	at org.testng.SuiteRunnerWorker.run(SuiteRunnerWorker.java:84)
	at org.testng.TestNG.runSuitesSequentially(TestNG.java:1208)
	at org.testng.TestNG.runSuitesLocally(TestNG.java:1137)
	at org.testng.TestNG.runSuites(TestNG.java:1049)
	at org.testng.TestNG.run(TestNG.java:1017)
	at org.testng.TestNG.privateMain(TestNG.java:1354)
	at org.testng.TestNG.main(TestNG.java:1323)
Caused by: java.lang.NullPointerException
	at hust.cs.javacourse.search.query.HitTestCase.buildSetContentTestCase(HitTestCase.java:54)
	at hust.cs.javacourse.search.query.HitTestDataProvider.testHit(HitTestDataProvider.java:23)
	at java.base/jdk.internal.reflect.NativeMethodAccessorImpl.invoke0(Native Method)
	at java.base/jdk.internal.reflect.NativeMethodAccessorImpl.invoke(NativeMethodAccessorImpl.java:62)
	at java.base/jdk.internal.reflect.DelegatingMethodAccessorImpl.invoke(DelegatingMethodAccessorImpl.java:43)
	at java.base/java.lang.reflect.Method.invoke(Method.java:567)
	at org.testng.internal.MethodInvocationHelper.invokeMethod(MethodInvocationHelper.java:124)
	at org.testng.internal.MethodInvocationHelper.invokeMethod(MethodInvocationHelper.java:74)
	at org.testng.internal.MethodInvocationHelper.invokeMethodNoCheckedException(MethodInvocationHelper.java:45)
	... 21 more
</div></td></tr></table><p class="totop"><a href="#summary">back to summary</a></p>
<h3 id="m88">hust.cs.javacourse.search.query.HitTest#testSetScore</h3><table class="result"><tr><th>Exception</th></tr><tr><td><div class="stacktrace">java.lang.RuntimeException: java.lang.NullPointerException
	at org.testng.internal.MethodInvocationHelper.invokeMethodNoCheckedException(MethodInvocationHelper.java:49)
	at org.testng.internal.MethodInvocationHelper.invokeDataProvider(MethodInvocationHelper.java:131)
	at org.testng.internal.Parameters.handleParameters(Parameters.java:706)
	at org.testng.internal.ParameterHandler.handleParameters(ParameterHandler.java:49)
	at org.testng.internal.ParameterHandler.createParameters(ParameterHandler.java:37)
	at org.testng.internal.Invoker.invokeTestMethods(Invoker.java:924)
	at org.testng.internal.TestMethodWorker.invokeTestMethods(TestMethodWorker.java:125)
	at org.testng.internal.TestMethodWorker.run(TestMethodWorker.java:109)
	at org.testng.TestRunner.privateRun(TestRunner.java:648)
	at org.testng.TestRunner.run(TestRunner.java:505)
	at org.testng.SuiteRunner.runTest(SuiteRunner.java:455)
	at org.testng.SuiteRunner.runSequentially(SuiteRunner.java:450)
	at org.testng.SuiteRunner.privateRun(SuiteRunner.java:415)
	at org.testng.SuiteRunner.run(SuiteRunner.java:364)
	at org.testng.SuiteRunnerWorker.runSuite(SuiteRunnerWorker.java:52)
	at org.testng.SuiteRunnerWorker.run(SuiteRunnerWorker.java:84)
	at org.testng.TestNG.runSuitesSequentially(TestNG.java:1208)
	at org.testng.TestNG.runSuitesLocally(TestNG.java:1137)
	at org.testng.TestNG.runSuites(TestNG.java:1049)
	at org.testng.TestNG.run(TestNG.java:1017)
	at org.testng.TestNG.privateMain(TestNG.java:1354)
	at org.testng.TestNG.main(TestNG.java:1323)
Caused by: java.lang.NullPointerException
	at hust.cs.javacourse.search.query.HitTestCase.buildSetScoreTestCase(HitTestCase.java:76)
	at hust.cs.javacourse.search.query.HitTestDataProvider.testHit(HitTestDataProvider.java:29)
	at java.base/jdk.internal.reflect.NativeMethodAccessorImpl.invoke0(Native Method)
	at java.base/jdk.internal.reflect.NativeMethodAccessorImpl.invoke(NativeMethodAccessorImpl.java:62)
	at java.base/jdk.internal.reflect.DelegatingMethodAccessorImpl.invoke(DelegatingMethodAccessorImpl.java:43)
	at java.base/java.lang.reflect.Method.invoke(Method.java:567)
	at org.testng.internal.MethodInvocationHelper.invokeMethod(MethodInvocationHelper.java:124)
	at org.testng.internal.MethodInvocationHelper.invokeMethod(MethodInvocationHelper.java:74)
	at org.testng.internal.MethodInvocationHelper.invokeMethodNoCheckedException(MethodInvocationHelper.java:45)
	... 21 more
</div></td></tr></table><p class="totop"><a href="#summary">back to summary</a></p>
<h3 id="m89">hust.cs.javacourse.search.query.HitTest#testTestToString</h3><table class="result"><tr><th>Exception</th></tr><tr><td><div class="stacktrace">java.lang.RuntimeException: java.lang.NullPointerException
	at org.testng.internal.MethodInvocationHelper.invokeMethodNoCheckedException(MethodInvocationHelper.java:49)
	at org.testng.internal.MethodInvocationHelper.invokeDataProvider(MethodInvocationHelper.java:131)
	at org.testng.internal.Parameters.handleParameters(Parameters.java:706)
	at org.testng.internal.ParameterHandler.handleParameters(ParameterHandler.java:49)
	at org.testng.internal.ParameterHandler.createParameters(ParameterHandler.java:37)
	at org.testng.internal.Invoker.invokeTestMethods(Invoker.java:924)
	at org.testng.internal.TestMethodWorker.invokeTestMethods(TestMethodWorker.java:125)
	at org.testng.internal.TestMethodWorker.run(TestMethodWorker.java:109)
	at org.testng.TestRunner.privateRun(TestRunner.java:648)
	at org.testng.TestRunner.run(TestRunner.java:505)
	at org.testng.SuiteRunner.runTest(SuiteRunner.java:455)
	at org.testng.SuiteRunner.runSequentially(SuiteRunner.java:450)
	at org.testng.SuiteRunner.privateRun(SuiteRunner.java:415)
	at org.testng.SuiteRunner.run(SuiteRunner.java:364)
	at org.testng.SuiteRunnerWorker.runSuite(SuiteRunnerWorker.java:52)
	at org.testng.SuiteRunnerWorker.run(SuiteRunnerWorker.java:84)
	at org.testng.TestNG.runSuitesSequentially(TestNG.java:1208)
	at org.testng.TestNG.runSuitesLocally(TestNG.java:1137)
	at org.testng.TestNG.runSuites(TestNG.java:1049)
	at org.testng.TestNG.run(TestNG.java:1017)
	at org.testng.TestNG.privateMain(TestNG.java:1354)
	at org.testng.TestNG.main(TestNG.java:1323)
Caused by: java.lang.NullPointerException
	at hust.cs.javacourse.search.query.HitTestCase.buildToStringTestCase(HitTestCase.java:99)
	at hust.cs.javacourse.search.query.HitTestDataProvider.testHit(HitTestDataProvider.java:35)
	at java.base/jdk.internal.reflect.NativeMethodAccessorImpl.invoke0(Native Method)
	at java.base/jdk.internal.reflect.NativeMethodAccessorImpl.invoke(NativeMethodAccessorImpl.java:62)
	at java.base/jdk.internal.reflect.DelegatingMethodAccessorImpl.invoke(DelegatingMethodAccessorImpl.java:43)
	at java.base/java.lang.reflect.Method.invoke(Method.java:567)
	at org.testng.internal.MethodInvocationHelper.invokeMethod(MethodInvocationHelper.java:124)
	at org.testng.internal.MethodInvocationHelper.invokeMethod(MethodInvocationHelper.java:74)
	at org.testng.internal.MethodInvocationHelper.invokeMethodNoCheckedException(MethodInvocationHelper.java:45)
	... 21 more
</div></td></tr></table><p class="totop"><a href="#summary">back to summary</a></p>
<h2>D:/IdeaWorkspace/SeachEngine/test/hust/cs/javacourse/search/query/IndexSearcherTest.java</h2><h3 id="m90">hust.cs.javacourse.search.query.IndexSearcherTest#testSearch</h3><table class="result"><tr><th>Exception</th></tr><tr><td><div class="stacktrace">java.lang.RuntimeException: java.lang.NullPointerException
	at org.testng.internal.MethodInvocationHelper.invokeMethodNoCheckedException(MethodInvocationHelper.java:49)
	at org.testng.internal.MethodInvocationHelper.invokeDataProvider(MethodInvocationHelper.java:131)
	at org.testng.internal.Parameters.handleParameters(Parameters.java:706)
	at org.testng.internal.ParameterHandler.handleParameters(ParameterHandler.java:49)
	at org.testng.internal.ParameterHandler.createParameters(ParameterHandler.java:37)
	at org.testng.internal.Invoker.invokeTestMethods(Invoker.java:924)
	at org.testng.internal.TestMethodWorker.invokeTestMethods(TestMethodWorker.java:125)
	at org.testng.internal.TestMethodWorker.run(TestMethodWorker.java:109)
	at org.testng.TestRunner.privateRun(TestRunner.java:648)
	at org.testng.TestRunner.run(TestRunner.java:505)
	at org.testng.SuiteRunner.runTest(SuiteRunner.java:455)
	at org.testng.SuiteRunner.runSequentially(SuiteRunner.java:450)
	at org.testng.SuiteRunner.privateRun(SuiteRunner.java:415)
	at org.testng.SuiteRunner.run(SuiteRunner.java:364)
	at org.testng.SuiteRunnerWorker.runSuite(SuiteRunnerWorker.java:52)
	at org.testng.SuiteRunnerWorker.run(SuiteRunnerWorker.java:84)
	at org.testng.TestNG.runSuitesSequentially(TestNG.java:1208)
	at org.testng.TestNG.runSuitesLocally(TestNG.java:1137)
	at org.testng.TestNG.runSuites(TestNG.java:1049)
	at org.testng.TestNG.run(TestNG.java:1017)
	at org.testng.TestNG.privateMain(TestNG.java:1354)
	at org.testng.TestNG.main(TestNG.java:1323)
Caused by: java.lang.NullPointerException
	at hust.cs.javacourse.search.query.impl.IndexSearcher.search(IndexSearcher.java:45)
	at hust.cs.javacourse.search.query.IndexSearcherTestDataProvider.testIndexSearcher(IndexSearcherTestDataProvider.java:40)
	at java.base/jdk.internal.reflect.NativeMethodAccessorImpl.invoke0(Native Method)
	at java.base/jdk.internal.reflect.NativeMethodAccessorImpl.invoke(NativeMethodAccessorImpl.java:62)
	at java.base/jdk.internal.reflect.DelegatingMethodAccessorImpl.invoke(DelegatingMethodAccessorImpl.java:43)
	at java.base/java.lang.reflect.Method.invoke(Method.java:567)
	at org.testng.internal.MethodInvocationHelper.invokeMethod(MethodInvocationHelper.java:124)
	at org.testng.internal.MethodInvocationHelper.invokeMethod(MethodInvocationHelper.java:74)
	at org.testng.internal.MethodInvocationHelper.invokeMethodNoCheckedException(MethodInvocationHelper.java:45)
	... 21 more
</div></td></tr></table><p class="totop"><a href="#summary">back to summary</a></p>
<h3 id="m91">hust.cs.javacourse.search.query.IndexSearcherTest#testTestSearch</h3><table class="result"><tr><th>Exception</th></tr><tr><td><div class="stacktrace">java.lang.RuntimeException: java.lang.NullPointerException
	at org.testng.internal.MethodInvocationHelper.invokeMethodNoCheckedException(MethodInvocationHelper.java:49)
	at org.testng.internal.MethodInvocationHelper.invokeDataProvider(MethodInvocationHelper.java:131)
	at org.testng.internal.Parameters.handleParameters(Parameters.java:706)
	at org.testng.internal.ParameterHandler.handleParameters(ParameterHandler.java:49)
	at org.testng.internal.ParameterHandler.createParameters(ParameterHandler.java:37)
	at org.testng.internal.Invoker.invokeTestMethods(Invoker.java:924)
	at org.testng.internal.TestMethodWorker.invokeTestMethods(TestMethodWorker.java:125)
	at org.testng.internal.TestMethodWorker.run(TestMethodWorker.java:109)
	at org.testng.TestRunner.privateRun(TestRunner.java:648)
	at org.testng.TestRunner.run(TestRunner.java:505)
	at org.testng.SuiteRunner.runTest(SuiteRunner.java:455)
	at org.testng.SuiteRunner.runSequentially(SuiteRunner.java:450)
	at org.testng.SuiteRunner.privateRun(SuiteRunner.java:415)
	at org.testng.SuiteRunner.run(SuiteRunner.java:364)
	at org.testng.SuiteRunnerWorker.runSuite(SuiteRunnerWorker.java:52)
	at org.testng.SuiteRunnerWorker.run(SuiteRunnerWorker.java:84)
	at org.testng.TestNG.runSuitesSequentially(TestNG.java:1208)
	at org.testng.TestNG.runSuitesLocally(TestNG.java:1137)
	at org.testng.TestNG.runSuites(TestNG.java:1049)
	at org.testng.TestNG.run(TestNG.java:1017)
	at org.testng.TestNG.privateMain(TestNG.java:1354)
	at org.testng.TestNG.main(TestNG.java:1323)
Caused by: java.lang.NullPointerException
	at hust.cs.javacourse.search.query.impl.IndexSearcher.search(IndexSearcher.java:45)
	at hust.cs.javacourse.search.query.impl.IndexSearcher.search(IndexSearcher.java:74)
	at hust.cs.javacourse.search.query.IndexSearcherTestDataProvider.testIndexSearcher(IndexSearcherTestDataProvider.java:59)
	at java.base/jdk.internal.reflect.NativeMethodAccessorImpl.invoke0(Native Method)
	at java.base/jdk.internal.reflect.NativeMethodAccessorImpl.invoke(NativeMethodAccessorImpl.java:62)
	at java.base/jdk.internal.reflect.DelegatingMethodAccessorImpl.invoke(DelegatingMethodAccessorImpl.java:43)
	at java.base/java.lang.reflect.Method.invoke(Method.java:567)
	at org.testng.internal.MethodInvocationHelper.invokeMethod(MethodInvocationHelper.java:124)
	at org.testng.internal.MethodInvocationHelper.invokeMethod(MethodInvocationHelper.java:74)
	at org.testng.internal.MethodInvocationHelper.invokeMethodNoCheckedException(MethodInvocationHelper.java:45)
	... 21 more
</div></td></tr></table><p class="totop"><a href="#summary">back to summary</a></p>
</body>
</html>
